sun2: CPU LEDs to 01 (PC=ef0102) => *******O
sun2: CPU LEDs to 00 (PC=ef0b6c) => ********
[quicksnaps] input skipped: 1 Player Start not available
sun2: CPU LEDs to 01 (PC=ef0b6c) => *******O
sun2: CPU LEDs to 02 (PC=ef0b6c) => ******O*
sun2: CPU LEDs to 04 (PC=ef0b6c) => *****O**
sun2: CPU LEDs to 08 (PC=ef0b6c) => ****O***
sun2: CPU LEDs to 10 (PC=ef0b6c) => ***O****
sun2: CPU LEDs to 20 (PC=ef0b6c) => **O*****
sun2: CPU LEDs to 40 (PC=ef0b6c) => *O******
sun2: CPU LEDs to 80 (PC=ef0b6c) => O*******
sun2: CPU LEDs to 11 (PC=ef0b8c) => ***O***O
sun2: CPU LEDs to 21 (PC=ef0bc2) => **O****O
sun2: CPU LEDs to 23 (PC=ef0c30) => **O***OO
sun2: CPU LEDs to 22 (PC=ef0c5c) => **O***O*
sun2: CPU LEDs to 31 (PC=ef0cf4) => **OO***O
sun2: CPU LEDs to 31 (PC=ef0cf4) => **OO***O
sun2: CPU LEDs to 33 (PC=ef0d52) => **OO**OO
sun2: CPU LEDs to 32 (PC=ef0d86) => **OO**O*
sun2: CPU LEDs to 40 (PC=ef0dc4) => *O******
sun2: CPU LEDs to 70 (PC=ef0e10) => *OOO****
sun2: CPU LEDs to 71 (PC=ef0e6a) => *OOO***O
sun2: CPU LEDs to 72 (PC=ef0f16) => *OOO**O*
sun2: CPU LEDs to f1 (PC=ef01dc) => OOOO***O
sun2: CPU LEDs to f2 (PC=ef04ec) => OOOO**O*
sun2: CPU LEDs to f3 (PC=ef04ec) => OOOO**OO
sun2: CPU LEDs to f4 (PC=ef04ec) => OOOO*O**
sun2: CPU LEDs to fc (PC=ef03cc) => OOOOOO**
sun2: CPU LEDs to f4 (PC=ef03cc) => OOOO*O**
sun2: CPU LEDs to fc (PC=ef03cc) => OOOOOO**
sun2: CPU LEDs to f4 (PC=ef03cc) => OOOO*O**
sun2: CPU LEDs to 00 (PC=ef04ec) => ********
sun2: CPU LEDs to 08 (PC=ef03cc) => ****O***
sun2: CPU LEDs to 00 (PC=ef03cc) => ********
sun2: CPU LEDs to 08 (PC=ef03cc) => ****O***
sun2: CPU LEDs to 00 (PC=ef03cc) => ********
sun2: CPU LEDs to 08 (PC=ef03cc) => ****O***
sun2: CPU LEDs to 00 (PC=ef03cc) => ********
sun2: CPU LEDs to 08 (PC=ef03cc) => ****O***
sun2: CPU LEDs to 00 (PC=ef03cc) => ********
sun2: CPU LEDs to 08 (PC=ef03cc) => ****O***
sun2: CPU LEDs to 00 (PC=ef03cc) => ********
sun2: CPU LEDs to 08 (PC=ef03cc) => ****O***
sun2: CPU LEDs to 00 (PC=ef03cc) => ********
sun2: CPU LEDs to 08 (PC=ef03cc) => ****O***
sun2: CPU LEDs to 00 (PC=ef03cc) => ********
sun2: CPU LEDs to 08 (PC=ef03cc) => ****O***
sun2: CPU LEDs to 00 (PC=ef03cc) => ********
sun2: CPU LEDs to 08 (PC=ef03cc) => ****O***
sun2: CPU LEDs to 00 (PC=ef03cc) => ********
sun2: CPU LEDs to 08 (PC=ef03cc) => ****O***
sun2: CPU LEDs to 00 (PC=ef03cc) => ********
sun2: CPU LEDs to 08 (PC=ef03cc) => ****O***
sun2: CPU LEDs to 00 (PC=ef03cc) => ********
sun2: CPU LEDs to 08 (PC=ef03cc) => ****O***
sun2: CPU LEDs to 00 (PC=ef03cc) => ********
sun2: CPU LEDs to 08 (PC=ef03cc) => ****O***
sun2: CPU LEDs to 00 (PC=ef03cc) => ********
sun2: CPU LEDs to 08 (PC=ef03cc) => ****O***
sun2: CPU LEDs to 00 (PC=ef03cc) => ********
sun2: CPU LEDs to 08 (PC=ef03cc) => ****O***
sun2: CPU LEDs to 00 (PC=ef03cc) => ********
sun2: CPU LEDs to 08 (PC=ef03cc) => ****O***
sun2: CPU LEDs to 00 (PC=ef03cc) => ********
sun2: CPU LEDs to 08 (PC=ef03cc) => ****O***
sun2: CPU LEDs to 00 (PC=ef03cc) => ********
sun2: CPU LEDs to 08 (PC=ef03cc) => ****O***
sun2: CPU LEDs to 00 (PC=ef03cc) => ********
Average speed: 204.21% (31 seconds)
