136101-0021a.22a.bin NOT FOUND (NO GOOD DUMP KNOWN) (tried in primrage)
136101-1025b.22e.bin NOT FOUND (NO GOOD DUMP KNOWN) (tried in primrage)
136101-0013a.23e.bin NOT FOUND (NO GOOD DUMP KNOWN) (tried in primrage)
136101-0018a.24e.bin NOT FOUND (NO GOOD DUMP KNOWN) (tried in primrage)
136101-0017a.25e.bin NOT FOUND (NO GOOD DUMP KNOWN) (tried in primrage)
136101-1220a.22u.bin NOT FOUND (NO GOOD DUMP KNOWN) (tried in primrage)
136094-0015a.17p.bin NOT FOUND (NO GOOD DUMP KNOWN) (tried in primrage)
136094-0007a.17s.bin NOT FOUND (NO GOOD DUMP KNOWN) (tried in primrage)
136101-1008a.13m.bin NOT FOUND (NO GOOD DUMP KNOWN) (tried in primrage)
136101-0011a.11k.bin NOT FOUND (NO GOOD DUMP KNOWN) (tried in primrage)
136101-1022a.12k.bin NOT FOUND (NO GOOD DUMP KNOWN) (tried in primrage)
136094-0014a.12s.bin NOT FOUND (NO GOOD DUMP KNOWN) (tried in primrage)
136094-0016a.11s.bin NOT FOUND (NO GOOD DUMP KNOWN) (tried in primrage)
136101-0009a.10m.bin NOT FOUND (NO GOOD DUMP KNOWN) (tried in primrage)
136101-0012a.9n.bin NOT FOUND (NO GOOD DUMP KNOWN) (tried in primrage)
136101-0010b.8k.bin NOT FOUND (NO GOOD DUMP KNOWN) (tried in primrage)
136101-0019a.7k.bin NOT FOUND (NO GOOD DUMP KNOWN) (tried in primrage)
136101-0006a.1s.bin NOT FOUND (NO GOOD DUMP KNOWN) (tried in primrage)
136102-0261a.bnkdec.bin NOT FOUND (NO GOOD DUMP KNOWN) (tried in primrage)
136102-0260a.romdec.bin NOT FOUND (NO GOOD DUMP KNOWN) (tried in primrage)
136101-0070a.9f.bin NOT FOUND (NO GOOD DUMP KNOWN) (tried in primrage)
136102-0071a.10f.bin NOT FOUND (NO GOOD DUMP KNOWN) (tried in primrage)
136101-0073a.11f.bin NOT FOUND (NO GOOD DUMP KNOWN) (tried in primrage)
c31boot.bin ROM NEEDS REDUMP
WARNING: the machine might not run correctly.
Average speed: 408.47% (31 seconds)
