Warning: layout file contains deprecated reel component
Warning: layout file contains deprecated reel component
Warning: layout file contains deprecated reel component
Warning: layout file contains deprecated reel component
Warning: layout file contains deprecated reel component
Warning: layout file contains deprecated reel component
Warning: layout file contains deprecated reel component
Warning: layout file contains deprecated reel component
Warning: layout file contains deprecated reel component
Warning: layout file contains deprecated reel component
Warning: layout file contains deprecated reel component
Warning: layout file contains deprecated reel component
95004252.bin ROM NEEDS REDUMP
WARNING: the machine might not run correctly.
Confirmed SC4 ROM
x found at 0003fb2c
[quicksnaps] input skipped: 1 Player Start not available
Ident code? 3786fd99a953fc7f
[quicksnaps] machine has no emulated screen
Average speed: 846.40% (29 seconds)
