hd6473644h.18e NOT FOUND (NO GOOD DUMP KNOWN) (tried in animechmp sys573)
ca07jaa02.1l ROM NEEDS REDUMP
ca07jaa02.1u ROM NEEDS REDUMP
ca07jaa02.2l ROM NEEDS REDUMP
ca07jaa02.2u ROM NEEDS REDUMP
ca07jaa02.3l ROM NEEDS REDUMP
ca07jaa02.3u ROM NEEDS REDUMP
ca07jaa02.4l ROM NEEDS REDUMP
ca07jaa02.4u ROM NEEDS REDUMP
ca07jaa02.5l ROM NEEDS REDUMP
ca07jaa02.5u ROM NEEDS REDUMP
ca07jaa02.6l ROM NEEDS REDUMP
ca07jaa02.6u ROM NEEDS REDUMP
ca07jaa02.7l ROM NEEDS REDUMP
ca07jaa02.7u ROM NEEDS REDUMP
ca07jaa02.8l ROM NEEDS REDUMP
ca07jaa02.8u ROM NEEDS REDUMP
gca07ja.u1 ROM NEEDS REDUMP
gca07ja.u6 ROM NEEDS REDUMP
WARNING: the machine might not run correctly.
Average speed: 326.13% (31 seconds)
