Unable to load component image 'chess/wp.svg'
Unable to load component image 'chess/wn.svg'
Unable to load component image 'chess/wb.svg'
Unable to load component image 'chess/wr.svg'
Unable to load component image 'chess/wq.svg'
Unable to load component image 'chess/wk.svg'
Unable to load component image 'chess/wp.svg'
Unable to load component image 'chess/wn.svg'
Unable to load component image 'chess/wb.svg'
Unable to load component image 'chess/wr.svg'
Unable to load component image 'chess/wq.svg'
Unable to load component image 'chess/wk.svg'
Unable to load component image 'chess/bp.svg'
Unable to load component image 'chess/bn.svg'
Unable to load component image 'chess/bb.svg'
Unable to load component image 'chess/br.svg'
Unable to load component image 'chess/bq.svg'
Unable to load component image 'chess/bk.svg'
Unable to load component image 'chess/wp.svg'
Unable to load component image 'chess/wn.svg'
Unable to load component image 'chess/wb.svg'
Unable to load component image 'chess/wr.svg'
Unable to load component image 'chess/wq.svg'
Unable to load component image 'chess/wk.svg'
Unable to load component image 'chess/bp.svg'
Unable to load component image 'chess/bn.svg'
Unable to load component image 'chess/bb.svg'
Unable to load component image 'chess/br.svg'
Unable to load component image 'chess/bq.svg'
Unable to load component image 'chess/bk.svg'
Unable to load component image 'chess/wp.svg'
Unable to load component image 'chess/wn.svg'
Unable to load component image 'chess/wb.svg'
Unable to load component image 'chess/wr.svg'
Unable to load component image 'chess/wq.svg'
Unable to load component image 'chess/wk.svg'
Unable to load component image 'chess/wp.svg'
Unable to load component image 'chess/wn.svg'
Unable to load component image 'chess/wb.svg'
Unable to load component image 'chess/wr.svg'
Unable to load component image 'chess/wq.svg'
Unable to load component image 'chess/wk.svg'
Unable to load component image 'chess/bp.svg'
Unable to load component image 'chess/bn.svg'
Unable to load component image 'chess/bb.svg'
Unable to load component image 'chess/br.svg'
Unable to load component image 'chess/bq.svg'
Unable to load component image 'chess/bk.svg'
Unable to load component image 'chess/wp.svg'
Unable to load component image 'chess/wn.svg'
Unable to load component image 'chess/wb.svg'
Unable to load component image 'chess/wr.svg'
Unable to load component image 'chess/wq.svg'
Unable to load component image 'chess/wk.svg'
Unable to load component image 'chess/bp.svg'
Unable to load component image 'chess/bn.svg'
Unable to load component image 'chess/bb.svg'
Unable to load component image 'chess/br.svg'
Unable to load component image 'chess/bq.svg'
Unable to load component image 'chess/bk.svg'
[quicksnaps] input skipped: 1 Player Start not available
[quicksnaps] machine has no emulated screen
Average speed: 1235.14% (29 seconds)
