Warning: layout file contains deprecated reel component
Warning: layout file contains deprecated reel component
Warning: layout file contains deprecated reel component
Warning: layout file contains deprecated reel component
Warning: layout file contains deprecated reel component
Warning: layout file contains deprecated reel component
Warning: layout file contains deprecated reel component
Warning: layout file contains deprecated reel component
Warning: layout file contains deprecated reel component
Warning: layout file contains deprecated reel component
Warning: layout file contains deprecated reel component
Warning: layout file contains deprecated reel component
Warning: layout file contains deprecated reel component
Warning: layout file contains deprecated reel component
Confirmed SC4 ROM
x found at 000906c0
[quicksnaps] input skipped: 1 Player Start not available
Ident code? e6117bcda1f4f50c
[quicksnaps] machine has no emulated screen
Average speed: 714.65% (29 seconds)
