command_write 4000
initialize
[quicksnaps] input skipped: 1 Player Start not available
service_command 6
command_write 80a7
service_command 2
command_write 0013
service_command 1
service_command 1
service_command 1
service_command 1
command_write 0001
command_write 0100
service_command 1
service_command 1
service_command 1
command_write 0000
command_write 0000
service_command 1
service_command 1
service_command 1
command_write 0000
command_write 0000
service_command 1
service_command 1
service_command 1
command_write 0000
command_write 0000
service_command 1
service_command 1
service_command 1
command_write 0000
command_write 0000
service_command 1
service_command 1
service_command 1
command_write 0000
command_write 0000
service_command 1
service_command 1
service_command 1
command_write 0000
command_write 0000
service_command 1
service_command 1
service_command 1
command_write 0000
command_write 0000
service_command 1
service_command 1
service_command 1
command_write 0000
command_write 0000
service_command 1
service_command 1
service_command 1
command_write 0000
command_write 0000
service_command 1
service_command 1
service_command 1
command_write 0000
command_write 0000
service_command 1
service_command 1
service_command 1
command_write 0000
command_write 0000
service_command 1
service_command 1
service_command 1
command_write 0000
command_write 0000
service_command 1
service_command 1
service_command 1
command_write 0000
command_write 0000
service_command 1
service_command 1
service_command 1
command_write 0000
command_write 0000
service_command 1
service_command 1
service_command 1
command_write 0000
command_write 0000
service_command 1
service_command 1
service_command 1
command_write 0000
command_write 0000
service_command 1
service_command 1
service_command 1
Average speed: 1307.03% (31 seconds)
