vjdash_pro11_ver1.0.ic12 ROM NEEDS REDUMP
vjdash_pro14_ver1.0.ic15 ROM NEEDS REDUMP
mr98053-05.ic2 ROM NEEDS REDUMP
mr98053-06.ic3 ROM NEEDS REDUMP
mr98053-07.ic4 ROM NEEDS REDUMP
mr98053-08.ic5 ROM NEEDS REDUMP
mr98053-09.ic6 ROM NEEDS REDUMP
mr98053-10.ic7 ROM NEEDS REDUMP
mr98053-11.ic8 ROM NEEDS REDUMP
mr98053-14.ic9 ROM NEEDS REDUMP
mr98053-05.ic2 ROM NEEDS REDUMP
mr98053-06.ic3 ROM NEEDS REDUMP
mr98053-07.ic4 ROM NEEDS REDUMP
mr98053-08.ic5 ROM NEEDS REDUMP
mr98053-09.ic6 ROM NEEDS REDUMP
mr98053-10.ic7 ROM NEEDS REDUMP
mr98053-c0.ic23 ROM NEEDS REDUMP
mr98053-c1.ic24 ROM NEEDS REDUMP
mr98053-05.ic2 ROM NEEDS REDUMP
mr98053-06.ic3 ROM NEEDS REDUMP
mr98053-07.ic4 ROM NEEDS REDUMP
mr98053-08.ic5 ROM NEEDS REDUMP
mr98053-09.ic6 ROM NEEDS REDUMP
mr98053-10.ic7 ROM NEEDS REDUMP
mr98053-13.ic11 ROM NEEDS REDUMP
mr98053-16.ic10 ROM NEEDS REDUMP
vjdash_8.ic40 ROM NEEDS REDUMP
vjdash_9.ic41 ROM NEEDS REDUMP
vj_ver1.chd NOT FOUND (tried in vjdasha vjslap)
m55-04ns.rom ROM NEEDS REDUMP
Fatal error: Required files are missing, the machine cannot be run.
