Error instantiating layout view Graphics 1: invalid screen index 1
Error instantiating layout view Terminal: invalid screen index 2
ip2500_eprom.bin ROM NEEDS REDUMP
y230_0b30_4120_gal22v10.u107 NOT FOUND (NO GOOD DUMP KNOWN) (tried in msmt070 ip2500)
y231_0b30_5030_pal16v8.u109 NOT FOUND (NO GOOD DUMP KNOWN) (tried in msmt070 ip2500)
y232_0a30_5040_pal16v8.u124 NOT FOUND (NO GOOD DUMP KNOWN) (tried in msmt070 ip2500)
y233_0a30_4130_gal22v10.u126 NOT FOUND (NO GOOD DUMP KNOWN) (tried in msmt070 ip2500)
y234_0a30_5040_pal16v8.u95 NOT FOUND (NO GOOD DUMP KNOWN) (tried in msmt070 ip2500)
y235_0a30_4190_pal20v8.u130 NOT FOUND (NO GOOD DUMP KNOWN) (tried in msmt070 ip2500)
y236_0a30_5040_pal16v8.u131 NOT FOUND (NO GOOD DUMP KNOWN) (tried in msmt070 ip2500)
y237_0c30_4150_pal22v10.u157 NOT FOUND (NO GOOD DUMP KNOWN) (tried in msmt070 ip2500)
y237_0c30_4150_pal22v10.u158 NOT FOUND (NO GOOD DUMP KNOWN) (tried in msmt070 ip2500)
y237_0c30_4191_pal22v10.u140 NOT FOUND (NO GOOD DUMP KNOWN) (tried in msmt070 ip2500)
y237_0c30_4130_pal22v10.u137 NOT FOUND (NO GOOD DUMP KNOWN) (tried in msmt070 ip2500)
y241_0b30_4140_pal22v10.u165 NOT FOUND (NO GOOD DUMP KNOWN) (tried in msmt070 ip2500)
y242_0b30_4140_pal22v10.u63 NOT FOUND (NO GOOD DUMP KNOWN) (tried in msmt070 ip2500)
y243_0b30_4150_pal22v10.u66 NOT FOUND (NO GOOD DUMP KNOWN) (tried in msmt070 ip2500)
y244_0b30_4140_pal22v10.u67 NOT FOUND (NO GOOD DUMP KNOWN) (tried in msmt070 ip2500)
y245_0a30_5040_pal16v8.u90 NOT FOUND (NO GOOD DUMP KNOWN) (tried in msmt070 ip2500)
y246_0b30_4160_gal20v8.u106 NOT FOUND (NO GOOD DUMP KNOWN) (tried in msmt070 ip2500)
y247_0a30_5040_pal16v8.u91 NOT FOUND (NO GOOD DUMP KNOWN) (tried in msmt070 ip2500)
y248_0b30_4151_gal20v8.u7 NOT FOUND (NO GOOD DUMP KNOWN) (tried in msmt070 ip2500)
y249_0b30_4200_gal20v8.u11 NOT FOUND (NO GOOD DUMP KNOWN) (tried in msmt070 ip2500)
y250_0a30_4200_pal16v8.u98 NOT FOUND (NO GOOD DUMP KNOWN) (tried in msmt070 ip2500)
y251_0a30_4200_gal20v8.u40 NOT FOUND (NO GOOD DUMP KNOWN) (tried in msmt070 ip2500)
y252_0a30_4160_gal20v8.u82 NOT FOUND (NO GOOD DUMP KNOWN) (tried in msmt070 ip2500)
y253_0a30_421_gal22v10.u117 NOT FOUND (NO GOOD DUMP KNOWN) (tried in msmt070 ip2500)
y254_0a30_421_gal22v10.u118 NOT FOUND (NO GOOD DUMP KNOWN) (tried in msmt070 ip2500)
y255_0a30_4161_gal20v8.u132 NOT FOUND (NO GOOD DUMP KNOWN) (tried in msmt070 ip2500)
y256_0a30_4160_gal22v10.u112 NOT FOUND (NO GOOD DUMP KNOWN) (tried in msmt070 ip2500)
y257_0a30_4160_gal22v10.u78 NOT FOUND (NO GOOD DUMP KNOWN) (tried in msmt070 ip2500)
y258_0a30_4161_gal20v8.u81 NOT FOUND (NO GOOD DUMP KNOWN) (tried in msmt070 ip2500)
y259_0a30_4161_gal22v10.u74 NOT FOUND (NO GOOD DUMP KNOWN) (tried in msmt070 ip2500)
y260_0a30_4160_gal20v8.u75 NOT FOUND (NO GOOD DUMP KNOWN) (tried in msmt070 ip2500)
x261_0a30_5272_gal22v10.u12 NOT FOUND (NO GOOD DUMP KNOWN) (tried in msmt070 ip2500)
y262_0b30_4161_gal22v10.u13 NOT FOUND (NO GOOD DUMP KNOWN) (tried in msmt070 ip2500)
WARNING: the machine might not run correctly.
[quicksnaps] input skipped: 1 Player Start not available
Average speed: 161.68% (31 seconds)
