Warning in RomModule definition: 0300113v.u7 length not an even multiple of group size
Warning in RomModule definition: 0300113v.u11 length not an even multiple of group size
Warning in RomModule definition: 0300113v.u12 length not an even multiple of group size
0300113v.u7 ROM NEEDS REDUMP
0300113v.u11 ROM NEEDS REDUMP
0300113v.u8 ROM NEEDS REDUMP
0300113v.u12 ROM NEEDS REDUMP
WARNING: the machine might not run correctly.
[quicksnaps] input skipped: 1 Player Start not available
[quicksnaps] input skipped: 1 Player Start not available
[quicksnaps] input skipped: 1 Player Start not available
[quicksnaps] input skipped: 1 Player Start not available
[quicksnaps] input skipped: 1 Player Start not available
[quicksnaps] input skipped: 1 Player Start not available
[quicksnaps] input skipped: 1 Player Start not available
[quicksnaps] input skipped: 1 Player Start not available
[quicksnaps] input skipped: 1 Player Start not available
[quicksnaps] input skipped: 1 Player Start not available
[quicksnaps] input skipped: 1 Player Start not available
[quicksnaps] input skipped: 1 Player Start not available
[quicksnaps] input skipped: 1 Player Start not available
[quicksnaps] input skipped: 1 Player Start not available
[quicksnaps] input skipped: 1 Player Start not available
[quicksnaps] input skipped: 1 Player Start not available
[quicksnaps] input skipped: 1 Player Start not available
Average speed: 401.75% (31 seconds)
