Warning: layout file contains deprecated reel component
Warning: layout file contains deprecated reel component
Warning: layout file contains deprecated reel component
Warning: layout file contains deprecated reel component
Warning: layout file contains deprecated reel component
Warning: layout file contains deprecated reel component
Warning: layout file contains deprecated reel component
Warning: layout file contains deprecated reel component
Warning: layout file contains deprecated reel component
Warning: layout file contains deprecated reel component
Warning: layout file contains deprecated reel component
Warning: layout file contains deprecated reel component
95423286.lo NOT FOUND (NO GOOD DUMP KNOWN) (tried in sc4dnddfa sc4dnddf)
WARNING: the machine might not run correctly.
Confirmed SC4 ROM
Normal rom pair string not found, checking mismatched / missing rom string
No suitable string found
[quicksnaps] input skipped: 1 Player Start not available
[quicksnaps] machine has no emulated screen
Average speed: 851.59% (29 seconds)
