dr32.5p ROM NEEDS REDUMP
dr30.1m ROM NEEDS REDUMP
dr31.1n ROM NEEDS REDUMP
dr29.1l ROM NEEDS REDUMP
dr25.3f ROM NEEDS REDUMP
dr26.3h ROM NEEDS REDUMP
dr27.3j ROM NEEDS REDUMP
2_ic25_n82s129n.d7 NOT FOUND (NO GOOD DUMP KNOWN) (tried in yanjamar kidniki)
2_ic29_n82s129n.d8 NOT FOUND (NO GOOD DUMP KNOWN) (tried in yanjamar kidniki)
2_ic30_n82s129n.e8 NOT FOUND (NO GOOD DUMP KNOWN) (tried in yanjamar kidniki)
2_n82s129n.e3 NOT FOUND (NO GOOD DUMP KNOWN) (tried in yanjamar kidniki)
2_n82s147n.f8 NOT FOUND (NO GOOD DUMP KNOWN) (tried in yanjamar kidniki)
2_tbp24s10n.g3 NOT FOUND (NO GOOD DUMP KNOWN) (tried in yanjamar kidniki)
2_tbp24s10n.h3 NOT FOUND (NO GOOD DUMP KNOWN) (tried in yanjamar kidniki)
2a_n82s123n.bin NOT FOUND (NO GOOD DUMP KNOWN) (tried in yanjamar kidniki)
2b_d_n82s129n.bin NOT FOUND (NO GOOD DUMP KNOWN) (tried in yanjamar kidniki)
2b_e_n82s129n.bin NOT FOUND (NO GOOD DUMP KNOWN) (tried in yanjamar kidniki)
2b_tbp24s10n.bin NOT FOUND (NO GOOD DUMP KNOWN) (tried in yanjamar kidniki)
3_ic3_n82s129n.l1 NOT FOUND (NO GOOD DUMP KNOWN) (tried in yanjamar kidniki)
3_ic4_n82s129n.k1 NOT FOUND (NO GOOD DUMP KNOWN) (tried in yanjamar kidniki)
3_ic5_n82s129n.j1 NOT FOUND (NO GOOD DUMP KNOWN) (tried in yanjamar kidniki)
3_ic36_n82s129n.c3 NOT FOUND (NO GOOD DUMP KNOWN) (tried in yanjamar kidniki)
3_ic37_n82s129n.b3 NOT FOUND (NO GOOD DUMP KNOWN) (tried in yanjamar kidniki)
3_ic38_n82s129n.a3 NOT FOUND (NO GOOD DUMP KNOWN) (tried in yanjamar kidniki)
3_ic64_n82s129n.n6 NOT FOUND (NO GOOD DUMP KNOWN) (tried in yanjamar kidniki)
3_ic65_n82s129n.m6 NOT FOUND (NO GOOD DUMP KNOWN) (tried in yanjamar kidniki)
3_ic67_n82s129n.k6 NOT FOUND (NO GOOD DUMP KNOWN) (tried in yanjamar kidniki)
3_ic68_n82s129n.j6 NOT FOUND (NO GOOD DUMP KNOWN) (tried in yanjamar kidniki)
3_ic70_n82s123n.m7 NOT FOUND (NO GOOD DUMP KNOWN) (tried in yanjamar kidniki)
3_ic73_n82s123n.j7 NOT FOUND (NO GOOD DUMP KNOWN) (tried in yanjamar kidniki)
3_ic92_n82s123n.a8 NOT FOUND (NO GOOD DUMP KNOWN) (tried in yanjamar kidniki)
3_ic98_n82s129n.g9 NOT FOUND (NO GOOD DUMP KNOWN) (tried in yanjamar kidniki)
2_pal16l8acn.f4 NOT FOUND (NO GOOD DUMP KNOWN) (tried in yanjamar kidniki)
2_pal16l8acn.m7 NOT FOUND (NO GOOD DUMP KNOWN) (tried in yanjamar kidniki)
WARNING: the machine might not run correctly.
Average speed: 307.87% (31 seconds)
