Warning: layout file contains deprecated reel component
Warning: layout file contains deprecated reel component
Warning: layout file contains deprecated reel component
Warning: layout file contains deprecated reel component
Warning: layout file contains deprecated reel component
Warning: layout file contains deprecated reel component
Warning: layout file contains deprecated reel component
Warning: layout file contains deprecated reel component
Warning: layout file contains deprecated reel component
Warning: layout file contains deprecated reel component
Warning: layout file contains deprecated reel component
Warning: layout file contains deprecated reel component
brix sounds NOT FOUND (NO GOOD DUMP KNOWN) (tried in sc4brixb sc4brix)
WARNING: the machine might not run correctly.
Confirmed SC4 ROM
Normal rom pair string not found, checking mismatched / missing rom string
No suitable string found
[quicksnaps] input skipped: 1 Player Start not available
[quicksnaps] machine has no emulated screen
Average speed: 1017.70% (29 seconds)
