hd6473644h.18e NOT FOUND (NO GOOD DUMP KNOWN) (tried in gbbchmp sys573)
cb48jab02.1l ROM NEEDS REDUMP
cb48jab02.1u ROM NEEDS REDUMP
cb48jab02.2l ROM NEEDS REDUMP
cb48jab02.2u ROM NEEDS REDUMP
cb48jab02.3l ROM NEEDS REDUMP
cb48jab02.3u ROM NEEDS REDUMP
cb48jab02.4l ROM NEEDS REDUMP
cb48jab02.4u ROM NEEDS REDUMP
cb48jab02.5l ROM NEEDS REDUMP
cb48jab02.5u ROM NEEDS REDUMP
cb48jab02.6l ROM NEEDS REDUMP
cb48jab02.6u ROM NEEDS REDUMP
cb48jab02.7l ROM NEEDS REDUMP
cb48jab02.7u ROM NEEDS REDUMP
cb48jab02.8l ROM NEEDS REDUMP
cb48jab02.8u ROM NEEDS REDUMP
gcb48ja.u1 ROM NEEDS REDUMP
gcb48ja.u6 ROM NEEDS REDUMP
WARNING: the machine might not run correctly.
Average speed: 324.35% (31 seconds)
