fix-low.5p ROM NEEDS REDUMP
fix-hi.5m ROM NEEDS REDUMP
l-0.7t ROM NEEDS REDUMP
h-0.6t ROM NEEDS REDUMP
pagroml-1.6rs ROM NEEDS REDUMP
h-1.5t ROM NEEDS REDUMP
pagroml-2.7rs ROM NEEDS REDUMP
pagromh-2.4t ROM NEEDS REDUMP
low-3.5rs ROM NEEDS REDUMP
hi-3.4rs ROM NEEDS REDUMP
paptst4000.2a ROM NEEDS REDUMP
paptst8000.2c ROM NEEDS REDUMP
paptstc000.2g ROM NEEDS REDUMP
vid_a06.rv1 ROM NEEDS REDUMP
vid_b06.rv1 ROM NEEDS REDUMP
vid_c06.rv1 ROM NEEDS REDUMP
vid_d06.rv1 ROM NEEDS REDUMP
vid_l06.rv1 ROM NEEDS REDUMP
vid_k06.rv1 ROM NEEDS REDUMP
vid_j06.rv1 ROM NEEDS REDUMP
vid_h06.rv1 ROM NEEDS REDUMP
vid_s06.rv1 ROM NEEDS REDUMP
vid_p06.rv1 ROM NEEDS REDUMP
vid_n06.rv1 ROM NEEDS REDUMP
vid_m06.rv1 ROM NEEDS REDUMP
vid_t06.rv1 ROM NEEDS REDUMP
WARNING: the machine might not run correctly.
[quicksnaps] input skipped: 1 Player Start not available
Average speed: 578.67% (31 seconds)
