internal.rom NOT FOUND (NO GOOD DUMP KNOWN) (tried in taturtf)
WARNING: the machine might not run correctly.
rx underflow!
[quicksnaps] input skipped: 1 Player Start not available
rx underflow!
rx underflow!
rx underflow!
rx underflow!
rx underflow!
rx underflow!
rx underflow!
rx underflow!
rx underflow!
rx underflow!
rx underflow!
rx underflow!
rx underflow!
rx underflow!
rx underflow!
rx underflow!
rx underflow!
rx underflow!
rx underflow!
rx underflow!
rx underflow!
rx underflow!
rx underflow!
rx underflow!
rx underflow!
rx underflow!
rx underflow!
rx underflow!
rx underflow!
rx underflow!
rx underflow!
rx underflow!
rx underflow!
rx underflow!
rx underflow!
rx underflow!
rx underflow!
rx underflow!
rx underflow!
rx underflow!
rx underflow!
rx underflow!
rx underflow!
rx underflow!
rx underflow!
rx underflow!
rx underflow!
rx underflow!
rx underflow!
rx underflow!
rx underflow!
rx underflow!
rx underflow!
rx underflow!
rx underflow!
rx underflow!
rx underflow!
rx underflow!
rx underflow!
rx underflow!
rx underflow!
rx underflow!
rx underflow!
rx underflow!
rx underflow!
rx underflow!
rx underflow!
rx underflow!
rx underflow!
rx underflow!
rx underflow!
rx underflow!
rx underflow!
rx underflow!
rx underflow!
rx underflow!
rx underflow!
rx underflow!
rx underflow!
rx underflow!
rx underflow!
rx underflow!
rx underflow!
rx underflow!
rx underflow!
rx underflow!
rx underflow!
rx underflow!
rx underflow!
rx underflow!
rx underflow!
rx underflow!
rx underflow!
rx underflow!
rx underflow!
rx underflow!
rx underflow!
rx underflow!
rx underflow!
rx underflow!
rx underflow!
rx underflow!
rx underflow!
rx underflow!
rx underflow!
rx underflow!
rx underflow!
rx underflow!
rx underflow!
rx underflow!
rx underflow!
rx underflow!
rx underflow!
rx underflow!
rx underflow!
rx underflow!
rx underflow!
rx underflow!
rx underflow!
rx underflow!
rx underflow!
rx underflow!
rx underflow!
rx underflow!
rx underflow!
rx underflow!
rx underflow!
rx underflow!
rx underflow!
rx underflow!
rx underflow!
rx underflow!
rx underflow!
rx underflow!
rx underflow!
rx underflow!
rx underflow!
rx underflow!
rx underflow!
rx underflow!
rx underflow!
rx underflow!
rx underflow!
rx underflow!
rx underflow!
rx underflow!
rx underflow!
rx underflow!
rx underflow!
rx underflow!
rx underflow!
rx underflow!
rx underflow!
rx underflow!
rx underflow!
rx underflow!
rx underflow!
rx underflow!
rx underflow!
rx underflow!
rx underflow!
rx underflow!
rx underflow!
rx underflow!
rx underflow!
rx underflow!
rx underflow!
rx underflow!
rx underflow!
rx underflow!
rx underflow!
rx underflow!
rx underflow!
rx underflow!
rx underflow!
rx underflow!
rx underflow!
rx underflow!
rx underflow!
rx underflow!
rx underflow!
rx underflow!
rx underflow!
rx underflow!
rx underflow!
rx underflow!
rx underflow!
rx underflow!
rx underflow!
rx underflow!
rx underflow!
rx underflow!
rx underflow!
rx underflow!
rx underflow!
rx underflow!
rx underflow!
rx underflow!
rx underflow!
rx underflow!
rx underflow!
rx underflow!
rx underflow!
rx underflow!
rx underflow!
rx underflow!
rx underflow!
rx underflow!
rx underflow!
rx underflow!
rx underflow!
rx underflow!
rx underflow!
rx underflow!
rx underflow!
rx underflow!
rx underflow!
rx underflow!
rx underflow!
rx underflow!
rx underflow!
rx underflow!
rx underflow!
rx underflow!
rx underflow!
rx underflow!
rx underflow!
rx underflow!
rx underflow!
rx underflow!
rx underflow!
rx underflow!
rx underflow!
rx underflow!
rx underflow!
rx underflow!
rx underflow!
rx underflow!
rx underflow!
rx underflow!
rx underflow!
rx underflow!
rx underflow!
rx underflow!
rx underflow!
rx underflow!
Average speed: 139.39% (31 seconds)
