Warning: layout file contains deprecated reel component
Warning: layout file contains deprecated reel component
Warning: layout file contains deprecated reel component
Warning: layout file contains deprecated reel component
Warning: layout file contains deprecated reel component
Warning: layout file contains deprecated reel component
Warning: layout file contains deprecated reel component
Warning: layout file contains deprecated reel component
Warning: layout file contains deprecated reel component
Warning: layout file contains deprecated reel component
Warning: layout file contains deprecated reel component
Warning: layout file contains deprecated reel component
cash german sounds NOT FOUND (NO GOOD DUMP KNOWN) (tried in sc4cashg)
WARNING: the machine might not run correctly.
Confirmed SC4 ROM
Normal rom pair string not found, checking mismatched / missing rom string
No suitable string found
[quicksnaps] input skipped: 1 Player Start not available
[quicksnaps] machine has no emulated screen
Average speed: 1091.00% (29 seconds)
