Warning: layout file contains deprecated reel component
Warning: layout file contains deprecated reel component
Warning: layout file contains deprecated reel component
Warning: layout file contains deprecated reel component
Warning: layout file contains deprecated reel component
Warning: layout file contains deprecated reel component
Warning: layout file contains deprecated reel component
Warning: layout file contains deprecated reel component
Warning: layout file contains deprecated reel component
Warning: layout file contains deprecated reel component
Warning: layout file contains deprecated reel component
Warning: layout file contains deprecated reel component
pr1918 pots of gold sounds11 NOT FOUND (NO GOOD DUMP KNOWN) (tried in sc4pogf sc4pog)
WARNING: the machine might not run correctly.
Confirmed SC4 ROM
x found at 0007d536
[quicksnaps] input skipped: 1 Player Start not available
Ident code? b47e7f87109f699c
[quicksnaps] machine has no emulated screen
Average speed: 1065.10% (29 seconds)
