internal.rom NOT FOUND (NO GOOD DUMP KNOWN) (tried in tagalaga)
WARNING: the machine might not run correctly.
rx underflow!
rx underflow!
rx underflow!
rx underflow!
rx underflow!
rx underflow!
rx underflow!
rx underflow!
rx underflow!
rx underflow!
rx underflow!
rx underflow!
rx underflow!
rx underflow!
rx underflow!
rx underflow!
rx underflow!
rx underflow!
rx underflow!
rx underflow!
rx underflow!
rx underflow!
rx underflow!
Ignoring MAME exception: TX FIFO OVERFLOW

Fatal error: TX FIFO OVERFLOW

