sun2: CPU LEDs to 01 (PC=ef011c) => *******O
sun2: CPU LEDs to 00 (PC=ef0c70) => ********
[quicksnaps] input skipped: 1 Player Start not available
sun2: CPU LEDs to 01 (PC=ef0c70) => *******O
sun2: CPU LEDs to 02 (PC=ef0c70) => ******O*
sun2: CPU LEDs to 04 (PC=ef0c70) => *****O**
sun2: CPU LEDs to 08 (PC=ef0c70) => ****O***
sun2: CPU LEDs to 10 (PC=ef0c70) => ***O****
sun2: CPU LEDs to 20 (PC=ef0c70) => **O*****
sun2: CPU LEDs to 40 (PC=ef0c70) => *O******
sun2: CPU LEDs to 80 (PC=ef0c70) => O*******
sun2: CPU LEDs to 11 (PC=ef0c90) => ***O***O
sun2: CPU LEDs to 21 (PC=ef0cc6) => **O****O
sun2: CPU LEDs to 23 (PC=ef0d34) => **O***OO
sun2: CPU LEDs to 22 (PC=ef0d60) => **O***O*
sun2: CPU LEDs to 31 (PC=ef0df8) => **OO***O
sun2: CPU LEDs to 31 (PC=ef0df8) => **OO***O
sun2: CPU LEDs to 33 (PC=ef0e56) => **OO**OO
sun2: CPU LEDs to 32 (PC=ef0e8a) => **OO**O*
sun2: CPU LEDs to 40 (PC=ef0ecc) => *O******
sun2: CPU LEDs to 70 (PC=ef0f2a) => *OOO****
sun2: CPU LEDs to 71 (PC=ef0fb0) => *OOO***O
sun2: CPU LEDs to 72 (PC=ef105c) => *OOO**O*
sun2: CPU LEDs to f1 (PC=ef0218) => OOOO***O
sun2: CPU LEDs to f2 (PC=ef023a) => OOOO**O*
sun2: CPU LEDs to f3 (PC=ef05e6) => OOOO**OO
sun2: CPU LEDs to f4 (PC=ef05e6) => OOOO*O**
sun2: CPU LEDs to fc (PC=ef04b6) => OOOOOO**
sun2: CPU LEDs to f4 (PC=ef04b6) => OOOO*O**
sun2: CPU LEDs to fc (PC=ef04b6) => OOOOOO**
sun2: CPU LEDs to f4 (PC=ef04b6) => OOOO*O**
sun2: CPU LEDs to 00 (PC=ef05e6) => ********
sun2: CPU LEDs to 08 (PC=ef04b6) => ****O***
sun2: CPU LEDs to 00 (PC=ef04b6) => ********
sun2: CPU LEDs to 08 (PC=ef04b6) => ****O***
sun2: CPU LEDs to 00 (PC=ef04b6) => ********
sun2: CPU LEDs to 08 (PC=ef04b6) => ****O***
sun2: CPU LEDs to 00 (PC=ef04b6) => ********
sun2: CPU LEDs to 08 (PC=ef04b6) => ****O***
sun2: CPU LEDs to 00 (PC=ef04b6) => ********
sun2: CPU LEDs to 08 (PC=ef04b6) => ****O***
sun2: CPU LEDs to 00 (PC=ef04b6) => ********
sun2: CPU LEDs to 08 (PC=ef04b6) => ****O***
sun2: CPU LEDs to 00 (PC=ef04b6) => ********
sun2: CPU LEDs to 08 (PC=ef04b6) => ****O***
sun2: CPU LEDs to 00 (PC=ef04b6) => ********
sun2: CPU LEDs to 08 (PC=ef04b6) => ****O***
sun2: CPU LEDs to 00 (PC=ef04b6) => ********
sun2: CPU LEDs to 08 (PC=ef04b6) => ****O***
sun2: CPU LEDs to 00 (PC=ef04b6) => ********
sun2: CPU LEDs to 08 (PC=ef04b6) => ****O***
sun2: CPU LEDs to 00 (PC=ef04b6) => ********
sun2: CPU LEDs to 08 (PC=ef04b6) => ****O***
sun2: CPU LEDs to 00 (PC=ef04b6) => ********
sun2: CPU LEDs to 08 (PC=ef04b6) => ****O***
sun2: CPU LEDs to 00 (PC=ef04b6) => ********
sun2: CPU LEDs to 08 (PC=ef04b6) => ****O***
sun2: CPU LEDs to 00 (PC=ef04b6) => ********
sun2: CPU LEDs to 08 (PC=ef04b6) => ****O***
sun2: CPU LEDs to 00 (PC=ef04b6) => ********
sun2: CPU LEDs to 08 (PC=ef04b6) => ****O***
sun2: CPU LEDs to 00 (PC=ef04b6) => ********
sun2: CPU LEDs to 08 (PC=ef04b6) => ****O***
sun2: CPU LEDs to 00 (PC=ef04b6) => ********
sun2: CPU LEDs to 08 (PC=ef04b6) => ****O***
sun2: CPU LEDs to 00 (PC=ef04b6) => ********
sun2: CPU LEDs to 08 (PC=ef04b6) => ****O***
sun2: CPU LEDs to 00 (PC=ef04b6) => ********
Average speed: 227.94% (31 seconds)
