mx29f1610ml.fu27_fu32 NOT FOUND (NO GOOD DUMP KNOWN) (tried in multchmp)
mx29f1610ml.fu28_fu31 NOT FOUND (NO GOOD DUMP KNOWN) (tried in multchmp)
esd9.fu28 ROM NEEDS REDUMP
esd7.fu26 ROM NEEDS REDUMP
esd11.fu29 ROM NEEDS REDUMP
esd5.fu27 ROM NEEDS REDUMP
esd10.fu31 ROM NEEDS REDUMP
esd8.fu30 ROM NEEDS REDUMP
esd12.fu33 ROM NEEDS REDUMP
esd6.fu32 ROM NEEDS REDUMP
palce22v10h-25pc-4.cu04 NOT FOUND (NO GOOD DUMP KNOWN) (tried in multchmp)
palce22v10h-25pc-4.cu05 NOT FOUND (NO GOOD DUMP KNOWN) (tried in multchmp)
palce22v10h-25pc-4.du05 NOT FOUND (NO GOOD DUMP KNOWN) (tried in multchmp)
palce22v10h-25pc-4.fu01 NOT FOUND (NO GOOD DUMP KNOWN) (tried in multchmp)
palce16v8h-25.du03 NOT FOUND (NO GOOD DUMP KNOWN) (tried in multchmp)
palce16v8h-25.ru27 NOT FOUND (NO GOOD DUMP KNOWN) (tried in multchmp)
palce16v8h-25.fu01 NOT FOUND (NO GOOD DUMP KNOWN) (tried in multchmp)
palce16v8h-25.su07 NOT FOUND (NO GOOD DUMP KNOWN) (tried in multchmp)
a40mx04-f-pl84.bu01 NOT FOUND (NO GOOD DUMP KNOWN) (tried in multchmp)
a40mx04-f-pl84.du16 NOT FOUND (NO GOOD DUMP KNOWN) (tried in multchmp)
WARNING: the machine might not run correctly.
Average speed: 972.97% (31 seconds)
