unzip: local file header for slav_prg1 in /run/media/stoned/schrott/Roms/mame/roms/rocknms.zip has incorrect signature 32ec2ddb
unzip: local file header for slav_prg0 in /run/media/stoned/schrott/Roms/mame/roms/rocknms.zip has incorrect signature 0000
unzip: local file header for slav_spr1 in /run/media/stoned/schrott/Roms/mame/roms/rocknms.zip has incorrect signature 20335f8a
unzip: local file header for slav_spr0 in /run/media/stoned/schrott/Roms/mame/roms/rocknms.zip has incorrect signature 6a0b6ade
unzip: local file header for slav_back in /run/media/stoned/schrott/Roms/mame/roms/rocknms.zip has incorrect signature 4497b417
unzip: local file header for slav_rot in /run/media/stoned/schrott/Roms/mame/roms/rocknms.zip has incorrect signature 8aaf9b4d
unzip: local file header for slav_front in /run/media/stoned/schrott/Roms/mame/roms/rocknms.zip has incorrect signature bd59a215
unzip: local file header for sound00 in /run/media/stoned/schrott/Roms/mame/roms/rocknms.zip has incorrect signature 17bfc884
unzip: local file header for sound01 in /run/media/stoned/schrott/Roms/mame/roms/rocknms.zip has incorrect signature 56dc2831
unzip: local file header for sound02 in /run/media/stoned/schrott/Roms/mame/roms/rocknms.zip has incorrect signature fac62314
unzip: local file header for sound03 in /run/media/stoned/schrott/Roms/mame/roms/rocknms.zip has incorrect signature 2006f79
unzip: local file header for sound04 in /run/media/stoned/schrott/Roms/mame/roms/rocknms.zip has incorrect signature 841a7c9a
unzip: local file header for sound05 in /run/media/stoned/schrott/Roms/mame/roms/rocknms.zip has incorrect signature 6d77de8c
unzip: local file header for sound06 in /run/media/stoned/schrott/Roms/mame/roms/rocknms.zip has incorrect signature bbffc245
unzip: local file header for sound07 in /run/media/stoned/schrott/Roms/mame/roms/rocknms.zip has incorrect signature 786db267
unzip: local file header for sound08 in /run/media/stoned/schrott/Roms/mame/roms/rocknms.zip has incorrect signature 5e71410d
unzip: local file header for sound09 in /run/media/stoned/schrott/Roms/mame/roms/rocknms.zip has incorrect signature 3b557f67
unzip: local file header for sound10 in /run/media/stoned/schrott/Roms/mame/roms/rocknms.zip has incorrect signature 2f9ce649
unzip: local file header for sound11 in /run/media/stoned/schrott/Roms/mame/roms/rocknms.zip has incorrect signature 3f0fedb4
unzip: local file header for sound12 in /run/media/stoned/schrott/Roms/mame/roms/rocknms.zip has incorrect signature edc33096
unzip: local file header for sound13 in /run/media/stoned/schrott/Roms/mame/roms/rocknms.zip has incorrect signature 13e6d6fd
unzip: local file header for sound14 in /run/media/stoned/schrott/Roms/mame/roms/rocknms.zip has incorrect signature 57121990
unzip: local file header for sound15 in /run/media/stoned/schrott/Roms/mame/roms/rocknms.zip has incorrect signature bb967530
unzip: local file header for sound16 in /run/media/stoned/schrott/Roms/mame/roms/rocknms.zip has incorrect signature 580edaef
unzip: local file header for sound17 in /run/media/stoned/schrott/Roms/mame/roms/rocknms.zip has incorrect signature de7229bb
unzip: local file header for sound18 in /run/media/stoned/schrott/Roms/mame/roms/rocknms.zip has incorrect signature 8ad9b614
unzip: local file header for sound19 in /run/media/stoned/schrott/Roms/mame/roms/rocknms.zip has incorrect signature d62bec6
unzip: local file header for sound20 in /run/media/stoned/schrott/Roms/mame/roms/rocknms.zip has incorrect signature 5d031995
slav_prg1 NOT FOUND (tried in rocknms)
slav_prg0 NOT FOUND (tried in rocknms)
slav_spr1 NOT FOUND (tried in rocknms)
slav_spr0 NOT FOUND (tried in rocknms)
slav_back NOT FOUND (tried in rocknms)
slav_rot NOT FOUND (tried in rocknms)
slav_front NOT FOUND (tried in rocknms)
sound00 NOT FOUND (tried in rocknms)
sound01 NOT FOUND (tried in rocknms)
sound02 NOT FOUND (tried in rocknms)
sound03 NOT FOUND (tried in rocknms)
sound04 NOT FOUND (tried in rocknms)
sound05 NOT FOUND (tried in rocknms)
sound06 NOT FOUND (tried in rocknms)
sound07 NOT FOUND (tried in rocknms)
sound08 NOT FOUND (tried in rocknms)
sound09 NOT FOUND (tried in rocknms)
sound10 NOT FOUND (tried in rocknms)
sound11 NOT FOUND (tried in rocknms)
sound12 NOT FOUND (tried in rocknms)
sound13 NOT FOUND (tried in rocknms)
sound14 NOT FOUND (tried in rocknms)
sound15 NOT FOUND (tried in rocknms)
sound16 NOT FOUND (tried in rocknms)
sound17 NOT FOUND (tried in rocknms)
sound18 NOT FOUND (tried in rocknms)
sound19 NOT FOUND (tried in rocknms)
sound20 NOT FOUND (tried in rocknms)
Fatal error: Required files are missing, the machine cannot be run.
