Unable to load component image 'chess/wp.svg'
Unable to load component image 'chess/wn.svg'
Unable to load component image 'chess/wb.svg'
Unable to load component image 'chess/wr.svg'
Unable to load component image 'chess/wq.svg'
Unable to load component image 'chess/wk.svg'
Unable to load component image 'chess/wp.svg'
Unable to load component image 'chess/wn.svg'
Unable to load component image 'chess/wb.svg'
Unable to load component image 'chess/wr.svg'
Unable to load component image 'chess/wq.svg'
Unable to load component image 'chess/wk.svg'
Unable to load component image 'chess/bp.svg'
Unable to load component image 'chess/bn.svg'
Unable to load component image 'chess/bb.svg'
Unable to load component image 'chess/br.svg'
Unable to load component image 'chess/bq.svg'
Unable to load component image 'chess/bk.svg'
Unable to load component image 'chess/wp.svg'
Unable to load component image 'chess/wn.svg'
Unable to load component image 'chess/wb.svg'
Unable to load component image 'chess/wr.svg'
Unable to load component image 'chess/wq.svg'
Unable to load component image 'chess/wk.svg'
Unable to load component image 'chess/bp.svg'
Unable to load component image 'chess/bn.svg'
Unable to load component image 'chess/bb.svg'
Unable to load component image 'chess/br.svg'
Unable to load component image 'chess/bq.svg'
Unable to load component image 'chess/bk.svg'
Unable to load component image 'chess/wp.svg'
Unable to load component image 'chess/wn.svg'
Unable to load component image 'chess/wb.svg'
Unable to load component image 'chess/wr.svg'
Unable to load component image 'chess/wq.svg'
Unable to load component image 'chess/wk.svg'
Unable to load component image 'chess/wp.svg'
Unable to load component image 'chess/wn.svg'
Unable to load component image 'chess/wb.svg'
Unable to load component image 'chess/wr.svg'
Unable to load component image 'chess/wq.svg'
Unable to load component image 'chess/wk.svg'
Unable to load component image 'chess/bp.svg'
Unable to load component image 'chess/bn.svg'
Unable to load component image 'chess/bb.svg'
Unable to load component image 'chess/br.svg'
Unable to load component image 'chess/bq.svg'
Unable to load component image 'chess/bk.svg'
Unable to load component image 'chess/wp.svg'
Unable to load component image 'chess/wn.svg'
Unable to load component image 'chess/wb.svg'
Unable to load component image 'chess/wr.svg'
Unable to load component image 'chess/wq.svg'
Unable to load component image 'chess/wk.svg'
Unable to load component image 'chess/bp.svg'
Unable to load component image 'chess/bn.svg'
Unable to load component image 'chess/bb.svg'
Unable to load component image 'chess/br.svg'
Unable to load component image 'chess/bq.svg'
Unable to load component image 'chess/bk.svg'
4005_02_251_06.1 NOT FOUND (tried in mephistoe2a mephistoe2)
4005_02_252_06.2 NOT FOUND (tried in mephistoe2a mephistoe2)
4005_02_253_06.3 NOT FOUND (tried in mephistoe2a mephistoe2)
4005_02_254_06.4 NOT FOUND (tried in mephistoe2a mephistoe2)
Fatal error: Required files are missing, the machine cannot be run.
