Warning: layout file contains deprecated reel component
Warning: layout file contains deprecated reel component
Warning: layout file contains deprecated reel component
Warning: layout file contains deprecated reel component
Warning: layout file contains deprecated reel component
Warning: layout file contains deprecated reel component
Warning: layout file contains deprecated reel component
Warning: layout file contains deprecated reel component
Warning: layout file contains deprecated reel component
Warning: layout file contains deprecated reel component
Warning: layout file contains deprecated reel component
Warning: layout file contains deprecated reel component
95411588.lo NOT FOUND (NO GOOD DUMP KNOWN) (tried in sc4luckbz sc4luckb)
WARNING: the machine might not run correctly.
Confirmed SC4 ROM
Normal rom pair string not found, checking mismatched / missing rom string
No suitable string found
[quicksnaps] input skipped: 1 Player Start not available
[quicksnaps] machine has no emulated screen
Average speed: 1720.73% (29 seconds)
