Warning: layout file contains deprecated reel component
Warning: layout file contains deprecated reel component
Warning: layout file contains deprecated reel component
Warning: layout file contains deprecated reel component
Warning: layout file contains deprecated reel component
Warning: layout file contains deprecated reel component
Warning: layout file contains deprecated reel component
Warning: layout file contains deprecated reel component
Warning: layout file contains deprecated reel component
Warning: layout file contains deprecated reel component
Warning: layout file contains deprecated reel component
Warning: layout file contains deprecated reel component
95-891-307.ic14 NOT FOUND (NO GOOD DUMP KNOWN) (tried in sc4boomb)
WARNING: the machine might not run correctly.
Confirmed SC4 ROM
x found at 000e24a6
[quicksnaps] input skipped: 1 Player Start not available
Ident code? 666bc2296202a655
[quicksnaps] machine has no emulated screen
Average speed: 1110.07% (29 seconds)
