Warning in RomModule definition: 0100679v.u11 length not an even multiple of group size
0100679v.u7 ROM NEEDS REDUMP
0100679v.u11 ROM NEEDS REDUMP
0100679v.u8 ROM NEEDS REDUMP
0100679v.u12 ROM NEEDS REDUMP
WARNING: the machine might not run correctly.
[quicksnaps] input skipped: 1 Player Start not available
[quicksnaps] input skipped: 1 Player Start not available
[quicksnaps] input skipped: 1 Player Start not available
[quicksnaps] input skipped: 1 Player Start not available
[quicksnaps] input skipped: 1 Player Start not available
[quicksnaps] input skipped: 1 Player Start not available
[quicksnaps] input skipped: 1 Player Start not available
[quicksnaps] input skipped: 1 Player Start not available
[quicksnaps] input skipped: 1 Player Start not available
[quicksnaps] input skipped: 1 Player Start not available
[quicksnaps] input skipped: 1 Player Start not available
[quicksnaps] input skipped: 1 Player Start not available
[quicksnaps] input skipped: 1 Player Start not available
[quicksnaps] input skipped: 1 Player Start not available
[quicksnaps] input skipped: 1 Player Start not available
[quicksnaps] input skipped: 1 Player Start not available
[quicksnaps] input skipped: 1 Player Start not available
Average speed: 273.11% (31 seconds)
