unzip: local file header for cruisn_exotica_u2_rev.1.0.u2 in /run/media/stoned/schrott/Roms/mame/roms/crusnexo.zip has incorrect signature 5d875d7b
unzip: local file header for cruisn_exotica_u3_rev.1.0.u3 in /run/media/stoned/schrott/Roms/mame/roms/crusnexo.zip has incorrect signature 3a1e6e92
unzip: local file header for cruisn_exotica_u4_rev.1.0.u4 in /run/media/stoned/schrott/Roms/mame/roms/crusnexo.zip has incorrect signature 42ac8317
unzip: local file header for crusnexob/cruisn_exotica_u10_rev_1.6.u10 in /run/media/stoned/schrott/Roms/mame/roms/crusnexo.zip has incorrect signature f0a4bcf9
unzip: local file header for crusnexob/cruisn_exotica_u11_rev_1.6.u11 in /run/media/stoned/schrott/Roms/mame/roms/crusnexo.zip has incorrect signature 82e6fde6
unzip: local file header for cruisn_exotica_u12_rev.1.0.u12 in /run/media/stoned/schrott/Roms/mame/roms/crusnexo.zip has incorrect signature eaaeaaae
unzip: local file header for cruisn_exotica_u13_rev.1.0.u13 in /run/media/stoned/schrott/Roms/mame/roms/crusnexo.zip has incorrect signature 4b310fe5
unzip: local file header for cruisn_exotica_u14_rev.1.0.u14 in /run/media/stoned/schrott/Roms/mame/roms/crusnexo.zip has incorrect signature e3551d19
unzip: local file header for cruisn_exotica_u15_rev.1.0.u15 in /run/media/stoned/schrott/Roms/mame/roms/crusnexo.zip has incorrect signature 3f1e8a6c
unzip: local file header for cruisn_exotica_u16_rev.1.0.u16 in /run/media/stoned/schrott/Roms/mame/roms/crusnexo.zip has incorrect signature 870013d2
unzip: local file header for cruisn_exotica_u17_rev.1.0.u17 in /run/media/stoned/schrott/Roms/mame/roms/crusnexo.zip has incorrect signature 6758b3b5
unzip: local file header for cruisn_exotica_u22_rev.1.0.u22 in /run/media/stoned/schrott/Roms/mame/roms/crusnexo.zip has incorrect signature b908f3
unzip: local file header for cruisn_exotica_u23_rev.1.0.u23 in /run/media/stoned/schrott/Roms/mame/roms/crusnexo.zip has incorrect signature 948143f2
unzip: local file header for cruisn_exotica_u24_rev.1.0.u24 in /run/media/stoned/schrott/Roms/mame/roms/crusnexo.zip has incorrect signature 5d6802cf
unzip: local file header for cruisn_exotica_u25_rev.1.0.u25 in /run/media/stoned/schrott/Roms/mame/roms/crusnexo.zip has incorrect signature 45d536d4
unzip: local file header for cruisn_exotica_u18_rev.1.0.u18 in /run/media/stoned/schrott/Roms/mame/roms/crusnexo.zip has incorrect signature 7fa83afd
unzip: local file header for cruisn_exotica_u19_rev.1.0.u19 in /run/media/stoned/schrott/Roms/mame/roms/crusnexo.zip has incorrect signature de681732
cruisn_exotica_u2_rev.1.0.u2 NOT FOUND (tried in crusnexob crusnexo)
cruisn_exotica_u3_rev.1.0.u3 NOT FOUND (tried in crusnexob crusnexo)
cruisn_exotica_u4_rev.1.0.u4 NOT FOUND (tried in crusnexob crusnexo)
cruisn_exotica_u10_rev_1.6.u10 NOT FOUND (tried in crusnexob crusnexo)
cruisn_exotica_u11_rev_1.6.u11 NOT FOUND (tried in crusnexob crusnexo)
cruisn_exotica_u12_rev.1.0.u12 NOT FOUND (tried in crusnexob crusnexo)
cruisn_exotica_u13_rev.1.0.u13 NOT FOUND (tried in crusnexob crusnexo)
cruisn_exotica_u14_rev.1.0.u14 NOT FOUND (tried in crusnexob crusnexo)
cruisn_exotica_u15_rev.1.0.u15 NOT FOUND (tried in crusnexob crusnexo)
cruisn_exotica_u16_rev.1.0.u16 NOT FOUND (tried in crusnexob crusnexo)
cruisn_exotica_u17_rev.1.0.u17 NOT FOUND (tried in crusnexob crusnexo)
cruisn_exotica_u22_rev.1.0.u22 NOT FOUND (tried in crusnexob crusnexo)
cruisn_exotica_u23_rev.1.0.u23 NOT FOUND (tried in crusnexob crusnexo)
cruisn_exotica_u24_rev.1.0.u24 NOT FOUND (tried in crusnexob crusnexo)
cruisn_exotica_u25_rev.1.0.u25 NOT FOUND (tried in crusnexob crusnexo)
cruisn_exotica_u18_rev.1.0.u18 NOT FOUND (tried in crusnexob crusnexo)
cruisn_exotica_u19_rev.1.0.u19 NOT FOUND (tried in crusnexob crusnexo)
c32boot.bin ROM NEEDS REDUMP
Fatal error: Required files are missing, the machine cannot be run.
