Unable to load component image 'chess/wp.svg'
Unable to load component image 'chess/wn.svg'
Unable to load component image 'chess/wb.svg'
Unable to load component image 'chess/wr.svg'
Unable to load component image 'chess/wq.svg'
Unable to load component image 'chess/wk.svg'
Unable to load component image 'chess/bp.svg'
Unable to load component image 'chess/bn.svg'
Unable to load component image 'chess/bb.svg'
Unable to load component image 'chess/br.svg'
Unable to load component image 'chess/bq.svg'
Unable to load component image 'chess/bk.svg'
Unable to load component image 'chess/wp.svg'
Unable to load component image 'chess/wn.svg'
Unable to load component image 'chess/wb.svg'
Unable to load component image 'chess/wr.svg'
Unable to load component image 'chess/wq.svg'
Unable to load component image 'chess/wk.svg'
Unable to load component image 'chess/bp.svg'
Unable to load component image 'chess/bn.svg'
Unable to load component image 'chess/bb.svg'
Unable to load component image 'chess/br.svg'
Unable to load component image 'chess/bq.svg'
Unable to load component image 'chess/bk.svg'
Unable to load component image 'chess/wp.svg'
Unable to load component image 'chess/wn.svg'
Unable to load component image 'chess/wb.svg'
Unable to load component image 'chess/wr.svg'
Unable to load component image 'chess/wq.svg'
Unable to load component image 'chess/wk.svg'
Unable to load component image 'chess/wp.svg'
Unable to load component image 'chess/wn.svg'
Unable to load component image 'chess/wb.svg'
Unable to load component image 'chess/wr.svg'
Unable to load component image 'chess/wq.svg'
Unable to load component image 'chess/wk.svg'
Unable to load component image 'chess/bp.svg'
Unable to load component image 'chess/bn.svg'
Unable to load component image 'chess/bb.svg'
Unable to load component image 'chess/br.svg'
Unable to load component image 'chess/bq.svg'
Unable to load component image 'chess/bk.svg'
Unable to load component image 'chess/wp.svg'
Unable to load component image 'chess/wn.svg'
Unable to load component image 'chess/wb.svg'
Unable to load component image 'chess/wr.svg'
Unable to load component image 'chess/wq.svg'
Unable to load component image 'chess/wk.svg'
Unable to load component image 'chess/bp.svg'
Unable to load component image 'chess/bn.svg'
Unable to load component image 'chess/bb.svg'
Unable to load component image 'chess/br.svg'
Unable to load component image 'chess/bq.svg'
Unable to load component image 'chess/bk.svg'
Unable to load component image 'chess/wp.svg'
Unable to load component image 'chess/wn.svg'
Unable to load component image 'chess/wb.svg'
Unable to load component image 'chess/wr.svg'
Unable to load component image 'chess/wq.svg'
Unable to load component image 'chess/wk.svg'
1987_3001_cxg_systems_hd6301y0c22p NOT FOUND (tried in ch3008)
Fatal error: Required files are missing, the machine cannot be run.
