Warning: layout file contains deprecated reel component
Warning: layout file contains deprecated reel component
Warning: layout file contains deprecated reel component
Warning: layout file contains deprecated reel component
Warning: layout file contains deprecated reel component
Warning: layout file contains deprecated reel component
Warning: layout file contains deprecated reel component
Warning: layout file contains deprecated reel component
Warning: layout file contains deprecated reel component
Warning: layout file contains deprecated reel component
Warning: layout file contains deprecated reel component
Warning: layout file contains deprecated reel component
ad4film_sc4rom.lo NOT FOUND (NO GOOD DUMP KNOWN) (tried in ad4film)
ad4film_sc4rom.hi NOT FOUND (NO GOOD DUMP KNOWN) (tried in ad4film)
WARNING: the machine might not run correctly.
NOT AN SC4 ROM!!!!!
Normal rom pair string not found, checking mismatched / missing rom string
No suitable string found
[quicksnaps] input skipped: 1 Player Start not available
[quicksnaps] machine has no emulated screen
Average speed: 228.23% (29 seconds)
