Warning: layout file contains deprecated reel component
Warning: layout file contains deprecated reel component
Warning: layout file contains deprecated reel component
Warning: layout file contains deprecated reel component
Warning: layout file contains deprecated reel component
Warning: layout file contains deprecated reel component
Warning: layout file contains deprecated reel component
Warning: layout file contains deprecated reel component
Warning: layout file contains deprecated reel component
Warning: layout file contains deprecated reel component
Warning: layout file contains deprecated reel component
Warning: layout file contains deprecated reel component
pr1918 pots of gold sounds11 NOT FOUND (NO GOOD DUMP KNOWN) (tried in sc4pogd sc4pog)
WARNING: the machine might not run correctly.
Confirmed SC4 ROM
x found at 0007f1a0
[quicksnaps] input skipped: 1 Player Start not available
Ident code? 3f87698d8708ea12
[quicksnaps] machine has no emulated screen
Average speed: 963.05% (29 seconds)
