22_ci0_b.bin ROM NEEDS REDUMP
pal1_ae_a_palce16v8h-25pc.bin NOT FOUND (NO GOOD DUMP KNOWN) (tried in galaxygnh galaxygn)
pal2_ad_a_tibpal16r8-25cn.bin NOT FOUND (NO GOOD DUMP KNOWN) (tried in galaxygnh galaxygn)
pal3_af_a_palce16v8h-25pc.bin NOT FOUND (NO GOOD DUMP KNOWN) (tried in galaxygnh galaxygn)
pal5_x_b_pal20l10acns.bin NOT FOUND (NO GOOD DUMP KNOWN) (tried in galaxygnh galaxygn)
pal6_ar_a_palce16v8h-25pc.bin NOT FOUND (NO GOOD DUMP KNOWN) (tried in galaxygnh galaxygn)
pal7_dc_a_palce16v8h-25pc.bin NOT FOUND (NO GOOD DUMP KNOWN) (tried in galaxygnh galaxygn)
pal8_db_a_pal20l8acns.bin NOT FOUND (NO GOOD DUMP KNOWN) (tried in galaxygnh galaxygn)
pal9_da_a_pal20l8acns.bin NOT FOUND (NO GOOD DUMP KNOWN) (tried in galaxygnh galaxygn)
pal10_as_a_palce16v8h-25pc.bin NOT FOUND (NO GOOD DUMP KNOWN) (tried in galaxygnh galaxygn)
pal11_de_a_tibpal16r4-25cn.bin NOT FOUND (NO GOOD DUMP KNOWN) (tried in galaxygnh galaxygn)
pal12_dd_a_palce16v8h-25pc.bin NOT FOUND (NO GOOD DUMP KNOWN) (tried in galaxygnh galaxygn)
pal13_d_a_palce16v8h-25pc.bin NOT FOUND (NO GOOD DUMP KNOWN) (tried in galaxygnh galaxygn)
pal14_c_a_palce16v8h-25pc.bin NOT FOUND (NO GOOD DUMP KNOWN) (tried in galaxygnh galaxygn)
pal15_a_a_tibpal16r8-25cn.bin NOT FOUND (NO GOOD DUMP KNOWN) (tried in galaxygnh galaxygn)
pal16_ag_a_tibpal16r4-25cn.bin NOT FOUND (NO GOOD DUMP KNOWN) (tried in galaxygnh galaxygn)
pal18_ah_a_tibpal16r4-25cn.bin NOT FOUND (NO GOOD DUMP KNOWN) (tried in galaxygnh galaxygn)
pal19_ai_a_tibpal16r4-25cn.bin NOT FOUND (NO GOOD DUMP KNOWN) (tried in galaxygnh galaxygn)
WARNING: the machine might not run correctly.
Average speed: 1056.43% (31 seconds)
