c012013.d6 ROM NEEDS REDUMP
c011202a.e6 ROM NEEDS REDUMP
c016449a.f6 NOT FOUND (NO GOOD DUMP KNOWN) (tried in a2600_pop)
c012017.j6 ROM NEEDS REDUMP
c011224.k6 ROM NEEDS REDUMP
c011228.l6 ROM NEEDS REDUMP
c011222.m6 ROM NEEDS REDUMP
c011207.c5 ROM NEEDS REDUMP
c012052.d5 ROM NEEDS REDUMP
c012030.e5 ROM NEEDS REDUMP
c011201.f5 ROM NEEDS REDUMP
c012037a.j5 ROM NEEDS REDUMP
c011225.k5 ROM NEEDS REDUMP
c011234.l5 ROM NEEDS REDUMP
c012062.m5 ROM NEEDS REDUMP
c011223.c4 ROM NEEDS REDUMP
c011227.d4 ROM NEEDS REDUMP
c012035.e4 ROM NEEDS REDUMP
c012038.f4 ROM NEEDS REDUMP
c011233.j4 ROM NEEDS REDUMP
c011239.k4 ROM NEEDS REDUMP
c011205.l4 ROM NEEDS REDUMP
c012016.m4 ROM NEEDS REDUMP
c011229.c3 ROM NEEDS REDUMP
c011206.d3 ROM NEEDS REDUMP
c012032.e3 ROM NEEDS REDUMP
c011212.f3 ROM NEEDS REDUMP
c012031b.j3 ROM NEEDS REDUMP
c011218.k3 ROM NEEDS REDUMP
c012036.l3 ROM NEEDS REDUMP
c012045.m3 ROM NEEDS REDUMP
c011221.c2 ROM NEEDS REDUMP
c012048.d2 ROM NEEDS REDUMP
c012010.e2 ROM NEEDS REDUMP
c012050.f2 ROM NEEDS REDUMP
c012054.j2 ROM NEEDS REDUMP
c012058.k2 ROM NEEDS REDUMP
c012009.l2 ROM NEEDS REDUMP
c012055.m2 ROM NEEDS REDUMP
c012046.c1 ROM NEEDS REDUMP
c012008.d1 ROM NEEDS REDUMP
c012015.e1 ROM NEEDS REDUMP
WARNING: the machine might not run correctly.
[quicksnaps] input skipped: 1 Player Start not available
Average speed: 1516.27% (31 seconds)
