Warning in RomModule definition: 0300447v.u11 length not an even multiple of group size
Warning in RomModule definition: 0300447v.u8 length not an even multiple of group size
0300447v.u7 ROM NEEDS REDUMP
0300447v.u11 ROM NEEDS REDUMP
0300447v.u8 ROM NEEDS REDUMP
0300447v.u12 ROM NEEDS REDUMP
WARNING: the machine might not run correctly.
[quicksnaps] input skipped: 1 Player Start not available
[quicksnaps] input skipped: 1 Player Start not available
[quicksnaps] input skipped: 1 Player Start not available
[quicksnaps] input skipped: 1 Player Start not available
[quicksnaps] input skipped: 1 Player Start not available
[quicksnaps] input skipped: 1 Player Start not available
[quicksnaps] input skipped: 1 Player Start not available
[quicksnaps] input skipped: 1 Player Start not available
[quicksnaps] input skipped: 1 Player Start not available
[quicksnaps] input skipped: 1 Player Start not available
[quicksnaps] input skipped: 1 Player Start not available
[quicksnaps] input skipped: 1 Player Start not available
[quicksnaps] input skipped: 1 Player Start not available
[quicksnaps] input skipped: 1 Player Start not available
[quicksnaps] input skipped: 1 Player Start not available
[quicksnaps] input skipped: 1 Player Start not available
[quicksnaps] input skipped: 1 Player Start not available
Average speed: 385.12% (31 seconds)
