ARM7: 00000000 to IME
ARM9: 00000000 to IME
ARM9: 0 to IPCSYNC
ARM9: 100 to IPCSYNC
[quicksnaps] input skipped: 1 Player Start not available
ARM7: 00000000 to IME
ARM7: 00000000 to IE
ARM9: 00000000 to IME
ARM9: 00000000 to IE
ARM9: 200 to IPCSYNC
00820000 to timer 4 (mask 00000000 PC 13f4)
Enabling timer 4 @ 1.997574 Hz regs 00820000
00840000 to timer 5 (mask 00000000 PC 13fa)
Enabling timer 5 @ 511.382782 Hz regs 00840000
nds: cartdata for transfer = 2000
NDS: xfer over
nds: cartdata for transfer = 200
NDS: xfer over
nds: cartdata for transfer = 4
NDS: xfer over
nds: cartdata for transfer = 0
NDS: xfer over
ARM7: 00000000 to IME
ARM7: 00080000 to IE
ARM7: 00000001 to IME
ARM7: 00000000 to IME
nds: cartdata for transfer = 0
NDS: xfer over
ARM7: 00080040 to IE
ARM7: 00000040 to IE
ARM7: 00000001 to IME
0000dfff to timer 7 (mask ffff0000 PC 1814)
00c20000 to timer 7 (mask 0000ffff PC 1818)
Enabling timer 7 @ 15.978640 Hz regs 00c2dfff
request IRQ 00000040 on CPU 1
00000000 to timer 7 (mask 0000ffff PC 1dcc)
ARM7: 00000000 to IE
ARM7: 00080000 to IE
ARM7: 04000000 to IME
ARM7: 00000001 to IME
arm7: HALT
[quicksnaps] machine has no emulated screen
Average speed: 158.92% (29 seconds)
