Warning: layout file contains deprecated reel component
Warning: layout file contains deprecated reel component
Warning: layout file contains deprecated reel component
Warning: layout file contains deprecated reel component
Warning: layout file contains deprecated reel component
Warning: layout file contains deprecated reel component
Warning: layout file contains deprecated reel component
Warning: layout file contains deprecated reel component
Warning: layout file contains deprecated reel component
Warning: layout file contains deprecated reel component
Warning: layout file contains deprecated reel component
Warning: layout file contains deprecated reel component
Warning: layout file contains deprecated reel component
Warning: layout file contains deprecated reel component
Confirmed SC4 ROM
x found at 0009ad78
[quicksnaps] input skipped: 1 Player Start not available
Ident code? df17a93b812e2d14
[quicksnaps] machine has no emulated screen
Average speed: 738.38% (29 seconds)
