Warning: layout file contains deprecated reel component
Warning: layout file contains deprecated reel component
Warning: layout file contains deprecated reel component
Warning: layout file contains deprecated reel component
Warning: layout file contains deprecated reel component
Warning: layout file contains deprecated reel component
[quicksnaps] input skipped: 1 Player Start not available
port11 0x08 changed 08
port09 0x04 changed 04 (REEL3 ENABLE)
port09 0x08 changed 08 (REEL2 ENABLE)
port09 0x10 changed 10 (REEL1 ENABLE)
port11 0x08 changed 00
port15 0x02 changed 02
port12 0x08 changed 08
port12 0x08 changed 00
port12 0x08 changed 08
port12 0x08 changed 00
port15 0x02 changed 00
port12 0x08 changed 08
port12 0x08 changed 00
port12 0x08 changed 08
port12 0x08 changed 00
port15 0x02 changed 02
port12 0x08 changed 08
port12 0x08 changed 00
port12 0x08 changed 08
port12 0x08 changed 00
port15 0x02 changed 00
port12 0x08 changed 08
port12 0x08 changed 00
port15 0x02 changed 02
port12 0x08 changed 08
port12 0x08 changed 00
port12 0x08 changed 08
port12 0x08 changed 00
port12 0x08 changed 08
port12 0x08 changed 00
port12 0x08 changed 08
port12 0x08 changed 00
port12 0x08 changed 08
port12 0x08 changed 00
port12 0x08 changed 08
port12 0x08 changed 00
port12 0x08 changed 08
port12 0x08 changed 00
port12 0x08 changed 08
port12 0x08 changed 00
port15 0x02 changed 00
port12 0x08 changed 08
port12 0x08 changed 00
port15 0x02 changed 02
port12 0x08 changed 08
port12 0x08 changed 00
port12 0x08 changed 08
port12 0x08 changed 00
port12 0x08 changed 08
port12 0x08 changed 00
port12 0x08 changed 08
port12 0x08 changed 00
port15 0x02 changed 00
port12 0x08 changed 08
port12 0x08 changed 00
port15 0x02 changed 02
port12 0x08 changed 08
port12 0x08 changed 00
port12 0x08 changed 08
port12 0x08 changed 00
port12 0x08 changed 08
port12 0x08 changed 00
port12 0x08 changed 08
port12 0x08 changed 00
port12 0x08 changed 08
port12 0x08 changed 00
port12 0x08 changed 08
port12 0x08 changed 00
port12 0x08 changed 08
port12 0x08 changed 00
port12 0x08 changed 08
port12 0x08 changed 00
port12 0x08 changed 08
port12 0x08 changed 00
port12 0x08 changed 08
port12 0x08 changed 00
port12 0x08 changed 08
port12 0x08 changed 00
port12 0x08 changed 08
port12 0x08 changed 00
port15 0x02 changed 00
port12 0x08 changed 08
port12 0x08 changed 00
port15 0x02 changed 02
port12 0x08 changed 08
port12 0x08 changed 00
port15 0x02 changed 00
port12 0x08 changed 08
port12 0x08 changed 00
port15 0x02 changed 02
port12 0x08 changed 08
port12 0x08 changed 00
port12 0x08 changed 08
port12 0x08 changed 00
port15 0x02 changed 00
port12 0x08 changed 08
port12 0x08 changed 00
port15 0x02 changed 02
port12 0x08 changed 08
port12 0x08 changed 00
port12 0x08 changed 08
port12 0x08 changed 00
port15 0x02 changed 00
port12 0x08 changed 08
port12 0x08 changed 00
port15 0x02 changed 02
port12 0x08 changed 08
port12 0x08 changed 00
port12 0x08 changed 08
port12 0x08 changed 00
port12 0x08 changed 08
port12 0x08 changed 00
port15 0x02 changed 00
port12 0x08 changed 08
port12 0x08 changed 00
port15 0x02 changed 02
port12 0x08 changed 08
port12 0x08 changed 00
port15 0x02 changed 00
port12 0x08 changed 08
port12 0x08 changed 00
port15 0x02 changed 02
port12 0x08 changed 08
port12 0x08 changed 00
port15 0x02 changed 00
port12 0x08 changed 08
port12 0x08 changed 00
port15 0x02 changed 02
port12 0x08 changed 08
port12 0x08 changed 00
port12 0x08 changed 08
port12 0x08 changed 00
port12 0x08 changed 08
port12 0x08 changed 00
port15 0x02 changed 00
port12 0x08 changed 08
port12 0x08 changed 00
port12 0x08 changed 08
port12 0x08 changed 00
port15 0x02 changed 02
port12 0x08 changed 08
port12 0x08 changed 00
port12 0x08 changed 08
port12 0x08 changed 00
port15 0x02 changed 00
port12 0x08 changed 08
port12 0x08 changed 00
port15 0x02 changed 02
port12 0x08 changed 08
port12 0x08 changed 00
port12 0x08 changed 08
port12 0x08 changed 00
port15 0x02 changed 00
port12 0x08 changed 08
port12 0x08 changed 00
port15 0x02 changed 02
port12 0x08 changed 08
port12 0x08 changed 00
port12 0x08 changed 08
port12 0x08 changed 00
port15 0x02 changed 00
port12 0x08 changed 08
port12 0x08 changed 00
port15 0x02 changed 02
port12 0x08 changed 08
port12 0x08 changed 00
port15 0x02 changed 00
port12 0x08 changed 08
port12 0x08 changed 00
port15 0x02 changed 02
port12 0x08 changed 08
port12 0x08 changed 00
port12 0x08 changed 08
port12 0x08 changed 00
port15 0x02 changed 00
port12 0x08 changed 08
port12 0x08 changed 00
port12 0x08 changed 08
port12 0x08 changed 00
port15 0x02 changed 02
port12 0x08 changed 08
port12 0x08 changed 00
port12 0x08 changed 08
port12 0x08 changed 00
port12 0x08 changed 08
port12 0x08 changed 00
port15 0x02 changed 00
port12 0x08 changed 08
port12 0x08 changed 00
port15 0x02 changed 02
port12 0x08 changed 08
port12 0x08 changed 00
port12 0x08 changed 08
port12 0x08 changed 00
port15 0x02 changed 00
port12 0x08 changed 08
port12 0x08 changed 00
port12 0x08 changed 08
port12 0x08 changed 00
port15 0x02 changed 02
port12 0x08 changed 08
port12 0x08 changed 00
port12 0x08 changed 08
port12 0x08 changed 00
port12 0x08 changed 08
port12 0x08 changed 00
port12 0x08 changed 08
port12 0x08 changed 00
port15 0x02 changed 00
port12 0x08 changed 08
port12 0x08 changed 00
port15 0x02 changed 02
port12 0x08 changed 08
port12 0x08 changed 00
port12 0x08 changed 08
port12 0x08 changed 00
port12 0x08 changed 08
port12 0x08 changed 00
port12 0x08 changed 08
port12 0x08 changed 00
port12 0x08 changed 08
port12 0x08 changed 00
port12 0x08 changed 08
port12 0x08 changed 00
port12 0x08 changed 08
port12 0x08 changed 00
port12 0x08 changed 08
port12 0x08 changed 00
port15 0x02 changed 00
port12 0x08 changed 08
port12 0x08 changed 00
port12 0x08 changed 08
port12 0x08 changed 00
port15 0x02 changed 02
port12 0x08 changed 08
port12 0x08 changed 00
port12 0x08 changed 08
port12 0x08 changed 00
port15 0x02 changed 00
port12 0x08 changed 08
port12 0x08 changed 00
port12 0x08 changed 08
port12 0x08 changed 00
port12 0x08 changed 08
port12 0x08 changed 00
port12 0x08 changed 08
port12 0x08 changed 00
port12 0x08 changed 08
port12 0x08 changed 00
port12 0x08 changed 08
port12 0x08 changed 00
port12 0x08 changed 08
port12 0x08 changed 00
port12 0x08 changed 08
port12 0x08 changed 00
port12 0x08 changed 08
port12 0x08 changed 00
port12 0x08 changed 08
port12 0x08 changed 00
port12 0x08 changed 08
port12 0x08 changed 00
port12 0x08 changed 08
port12 0x08 changed 00
port12 0x08 changed 08
port12 0x08 changed 00
port12 0x08 changed 08
port12 0x08 changed 00
port12 0x08 changed 08
port12 0x08 changed 00
port12 0x08 changed 08
port12 0x08 changed 00
port12 0x08 changed 08
port12 0x08 changed 00
port12 0x08 changed 08
port12 0x08 changed 00
port12 0x08 changed 08
port12 0x08 changed 00
port12 0x08 changed 08
port12 0x08 changed 00
port12 0x08 changed 08
port12 0x08 changed 00
port12 0x08 changed 08
port12 0x08 changed 00
port12 0x08 changed 08
port12 0x08 changed 00
port12 0x08 changed 08
port12 0x08 changed 00
port12 0x08 changed 08
port12 0x08 changed 00
port12 0x08 changed 08
port12 0x08 changed 00
port12 0x08 changed 08
port12 0x08 changed 00
port12 0x08 changed 08
port12 0x08 changed 00
port12 0x08 changed 08
port12 0x08 changed 00
port12 0x08 changed 08
port12 0x08 changed 00
port12 0x08 changed 08
port12 0x08 changed 00
port12 0x08 changed 08
port12 0x08 changed 00
port12 0x08 changed 08
port12 0x08 changed 00
port12 0x08 changed 08
port12 0x08 changed 00
port12 0x08 changed 08
port12 0x08 changed 00
port12 0x08 changed 08
port12 0x08 changed 00
port12 0x08 changed 08
port12 0x08 changed 00
port12 0x08 changed 08
port12 0x08 changed 00
port12 0x08 changed 08
port12 0x08 changed 00
port12 0x08 changed 08
port12 0x08 changed 00
port12 0x08 changed 08
port12 0x08 changed 00
port12 0x08 changed 08
port12 0x08 changed 00
port12 0x08 changed 08
port12 0x08 changed 00
port12 0x08 changed 08
port12 0x08 changed 00
port12 0x08 changed 08
port12 0x08 changed 00
port12 0x08 changed 08
port12 0x08 changed 00
port12 0x08 changed 08
port12 0x08 changed 00
port12 0x08 changed 08
port12 0x08 changed 00
port12 0x08 changed 08
port12 0x08 changed 00
port12 0x08 changed 08
port12 0x08 changed 00
port12 0x08 changed 08
port12 0x08 changed 00
port12 0x08 changed 08
port12 0x08 changed 00
port12 0x08 changed 08
port12 0x08 changed 00
port12 0x08 changed 08
port12 0x08 changed 00
port12 0x08 changed 08
port12 0x08 changed 00
port12 0x08 changed 08
port12 0x08 changed 00
port12 0x08 changed 08
port12 0x08 changed 00
port12 0x08 changed 08
port12 0x08 changed 00
port12 0x08 changed 08
port12 0x08 changed 00
port12 0x08 changed 08
port12 0x08 changed 00
port12 0x08 changed 08
port12 0x08 changed 00
port12 0x08 changed 08
port12 0x08 changed 00
port12 0x08 changed 08
port12 0x08 changed 00
port12 0x08 changed 08
port12 0x08 changed 00
port12 0x08 changed 08
port12 0x08 changed 00
port12 0x08 changed 08
port12 0x08 changed 00
port12 0x08 changed 08
port12 0x08 changed 00
port12 0x08 changed 08
port12 0x08 changed 00
port12 0x08 changed 08
port12 0x08 changed 00
port12 0x08 changed 08
port12 0x08 changed 00
port12 0x08 changed 08
port12 0x08 changed 00
port12 0x08 changed 08
port12 0x08 changed 00
port12 0x08 changed 08
port12 0x08 changed 00
port12 0x08 changed 08
port12 0x08 changed 00
port12 0x08 changed 08
port12 0x08 changed 00
port12 0x08 changed 08
port12 0x08 changed 00
port12 0x08 changed 08
port12 0x08 changed 00
port12 0x08 changed 08
port12 0x08 changed 00
port12 0x08 changed 08
port12 0x08 changed 00
port12 0x08 changed 08
port12 0x08 changed 00
port12 0x08 changed 08
port12 0x08 changed 00
port12 0x08 changed 08
port12 0x08 changed 00
port12 0x08 changed 08
port12 0x08 changed 00
port12 0x08 changed 08
port12 0x08 changed 00
port12 0x08 changed 08
port12 0x08 changed 00
port12 0x08 changed 08
port12 0x08 changed 00
port12 0x08 changed 08
port12 0x08 changed 00
port12 0x08 changed 08
port12 0x08 changed 00
port12 0x08 changed 08
port12 0x08 changed 00
port12 0x08 changed 08
port12 0x08 changed 00
port12 0x08 changed 08
port12 0x08 changed 00
port12 0x08 changed 08
port12 0x08 changed 00
port12 0x08 changed 08
port12 0x08 changed 00
port12 0x08 changed 08
port12 0x08 changed 00
port12 0x08 changed 08
port12 0x08 changed 00
port12 0x08 changed 08
port12 0x08 changed 00
port12 0x08 changed 08
port12 0x08 changed 00
port12 0x08 changed 08
port12 0x08 changed 00
port12 0x08 changed 08
port12 0x08 changed 00
port12 0x08 changed 08
port12 0x08 changed 00
port12 0x08 changed 08
port12 0x08 changed 00
port12 0x08 changed 08
port12 0x08 changed 00
port12 0x08 changed 08
port12 0x08 changed 00
port12 0x08 changed 08
port12 0x08 changed 00
port12 0x08 changed 08
port12 0x08 changed 00
port12 0x08 changed 08
port12 0x08 changed 00
port12 0x08 changed 08
port12 0x08 changed 00
port12 0x08 changed 08
port12 0x08 changed 00
port12 0x08 changed 08
port12 0x08 changed 00
port12 0x08 changed 08
port12 0x08 changed 00
port12 0x08 changed 08
port12 0x08 changed 00
port12 0x08 changed 08
port12 0x08 changed 00
port12 0x08 changed 08
port12 0x08 changed 00
port12 0x08 changed 08
port12 0x08 changed 00
port12 0x08 changed 08
port12 0x08 changed 00
port12 0x08 changed 08
port12 0x08 changed 00
port12 0x08 changed 08
port12 0x08 changed 00
port12 0x08 changed 08
port12 0x08 changed 00
port12 0x08 changed 08
port12 0x08 changed 00
port12 0x08 changed 08
port12 0x08 changed 00
port12 0x08 changed 08
port12 0x08 changed 00
port12 0x08 changed 08
port12 0x08 changed 00
port12 0x08 changed 08
port12 0x08 changed 00
port12 0x08 changed 08
port12 0x08 changed 00
port12 0x08 changed 08
port12 0x08 changed 00
port12 0x08 changed 08
port12 0x08 changed 00
port12 0x08 changed 08
port12 0x08 changed 00
port12 0x08 changed 08
port12 0x08 changed 00
port12 0x08 changed 08
port12 0x08 changed 00
port12 0x08 changed 08
port12 0x08 changed 00
port12 0x08 changed 08
port12 0x08 changed 00
port12 0x08 changed 08
port12 0x08 changed 00
port12 0x08 changed 08
port12 0x08 changed 00
port12 0x08 changed 08
port12 0x08 changed 00
port12 0x08 changed 08
port12 0x08 changed 00
port12 0x08 changed 08
port12 0x08 changed 00
port12 0x08 changed 08
port12 0x08 changed 00
port12 0x08 changed 08
port12 0x08 changed 00
port12 0x08 changed 08
port12 0x08 changed 00
port12 0x08 changed 08
port12 0x08 changed 00
port12 0x08 changed 08
port12 0x08 changed 00
port12 0x08 changed 08
port12 0x08 changed 00
port12 0x08 changed 08
port12 0x08 changed 00
port12 0x08 changed 08
port12 0x08 changed 00
port12 0x08 changed 08
port12 0x08 changed 00
port12 0x08 changed 08
port12 0x08 changed 00
port12 0x08 changed 08
port12 0x08 changed 00
port12 0x08 changed 08
port12 0x08 changed 00
port12 0x08 changed 08
port12 0x08 changed 00
port12 0x08 changed 08
port12 0x08 changed 00
port12 0x08 changed 08
port12 0x08 changed 00
port12 0x08 changed 08
port12 0x08 changed 00
port12 0x08 changed 08
port12 0x08 changed 00
port12 0x08 changed 08
port12 0x08 changed 00
port12 0x08 changed 08
port12 0x08 changed 00
port12 0x08 changed 08
port12 0x08 changed 00
port12 0x08 changed 08
port12 0x08 changed 00
port12 0x08 changed 08
port12 0x08 changed 00
port12 0x08 changed 08
port12 0x08 changed 00
port12 0x08 changed 08
port12 0x08 changed 00
port12 0x08 changed 08
port12 0x08 changed 00
port12 0x08 changed 08
port12 0x08 changed 00
port12 0x08 changed 08
port12 0x08 changed 00
port12 0x08 changed 08
port12 0x08 changed 00
port12 0x08 changed 08
port12 0x08 changed 00
port12 0x08 changed 08
port12 0x08 changed 00
port12 0x08 changed 08
port12 0x08 changed 00
port12 0x08 changed 08
port12 0x08 changed 00
port12 0x08 changed 08
port12 0x08 changed 00
port12 0x08 changed 08
port12 0x08 changed 00
port12 0x08 changed 08
port12 0x08 changed 00
port12 0x08 changed 08
port12 0x08 changed 00
port12 0x08 changed 08
port12 0x08 changed 00
port12 0x08 changed 08
port12 0x08 changed 00
port12 0x08 changed 08
port12 0x08 changed 00
port12 0x08 changed 08
port12 0x08 changed 00
port12 0x08 changed 08
port12 0x08 changed 00
port12 0x08 changed 08
port12 0x08 changed 00
port12 0x08 changed 08
port12 0x08 changed 00
port12 0x08 changed 08
port12 0x08 changed 00
port12 0x08 changed 08
port12 0x08 changed 00
port12 0x08 changed 08
port12 0x08 changed 00
port12 0x08 changed 08
port12 0x08 changed 00
port12 0x08 changed 08
port12 0x08 changed 00
port12 0x08 changed 08
port12 0x08 changed 00
port12 0x08 changed 08
port12 0x08 changed 00
port12 0x08 changed 08
port12 0x08 changed 00
port12 0x08 changed 08
port12 0x08 changed 00
port12 0x08 changed 08
port12 0x08 changed 00
port12 0x08 changed 08
port12 0x08 changed 00
port12 0x08 changed 08
port12 0x08 changed 00
port12 0x08 changed 08
port12 0x08 changed 00
port12 0x08 changed 08
port12 0x08 changed 00
port12 0x08 changed 08
port12 0x08 changed 00
port12 0x08 changed 08
port12 0x08 changed 00
port12 0x08 changed 08
port12 0x08 changed 00
port12 0x08 changed 08
port12 0x08 changed 00
port12 0x08 changed 08
port12 0x08 changed 00
port12 0x08 changed 08
port12 0x08 changed 00
port12 0x08 changed 08
port12 0x08 changed 00
port12 0x08 changed 08
port12 0x08 changed 00
port12 0x08 changed 08
port12 0x08 changed 00
port12 0x08 changed 08
port12 0x08 changed 00
port12 0x08 changed 08
port12 0x08 changed 00
port12 0x08 changed 08
port12 0x08 changed 00
port12 0x08 changed 08
port12 0x08 changed 00
port12 0x08 changed 08
port12 0x08 changed 00
port12 0x08 changed 08
port12 0x08 changed 00
port12 0x08 changed 08
port12 0x08 changed 00
port12 0x08 changed 08
port12 0x08 changed 00
port12 0x08 changed 08
port12 0x08 changed 00
port12 0x08 changed 08
port12 0x08 changed 00
port12 0x08 changed 08
port12 0x08 changed 00
port12 0x08 changed 08
port12 0x08 changed 00
port12 0x08 changed 08
port12 0x08 changed 00
port12 0x08 changed 08
port12 0x08 changed 00
port12 0x08 changed 08
port12 0x08 changed 00
port12 0x08 changed 08
port12 0x08 changed 00
port12 0x08 changed 08
[quicksnaps] machine has no emulated screen
Average speed: 8916.39% (29 seconds)
