Warning in RomModule definition: 0201176v.u11 length not an even multiple of group size
Warning in RomModule definition: 0201176v.u8 length not an even multiple of group size
Warning in RomModule definition: 0201176v.u13 length not an even multiple of group size
0201176v.u7 ROM NEEDS REDUMP
0201176v.u11 ROM NEEDS REDUMP
0201176v.u8 ROM NEEDS REDUMP
0201176v.u12 ROM NEEDS REDUMP
0201176v.u9 ROM NEEDS REDUMP
0201176v.u13 ROM NEEDS REDUMP
WARNING: the machine might not run correctly.
[quicksnaps] input skipped: 1 Player Start not available
[quicksnaps] input skipped: 1 Player Start not available
[quicksnaps] input skipped: 1 Player Start not available
[quicksnaps] input skipped: 1 Player Start not available
[quicksnaps] input skipped: 1 Player Start not available
[quicksnaps] input skipped: 1 Player Start not available
[quicksnaps] input skipped: 1 Player Start not available
[quicksnaps] input skipped: 1 Player Start not available
[quicksnaps] input skipped: 1 Player Start not available
[quicksnaps] input skipped: 1 Player Start not available
[quicksnaps] input skipped: 1 Player Start not available
[quicksnaps] input skipped: 1 Player Start not available
[quicksnaps] input skipped: 1 Player Start not available
[quicksnaps] input skipped: 1 Player Start not available
[quicksnaps] input skipped: 1 Player Start not available
[quicksnaps] input skipped: 1 Player Start not available
[quicksnaps] input skipped: 1 Player Start not available
Average speed: 347.00% (31 seconds)
