Warning: layout file contains deprecated reel component
Warning: layout file contains deprecated reel component
Warning: layout file contains deprecated reel component
Warning: layout file contains deprecated reel component
Warning: layout file contains deprecated reel component
Warning: layout file contains deprecated reel component
Warning: layout file contains deprecated reel component
Warning: layout file contains deprecated reel component
Warning: layout file contains deprecated reel component
Warning: layout file contains deprecated reel component
Warning: layout file contains deprecated reel component
Warning: layout file contains deprecated reel component
95004252.bin ROM NEEDS REDUMP
WARNING: the machine might not run correctly.
Confirmed SC4 ROM
x found at 0003f052
[quicksnaps] input skipped: 1 Player Start not available
Ident code? a65a887b4175bf40
[quicksnaps] machine has no emulated screen
Average speed: 907.73% (29 seconds)
