069a10al.d7 NOT FOUND (NO GOOD DUMP KNOWN) (tried in gijoeua gijoe)
069a10ah.d9 NOT FOUND (NO GOOD DUMP KNOWN) (tried in gijoeua gijoe)
069a09al.d3 NOT FOUND (NO GOOD DUMP KNOWN) (tried in gijoeua gijoe)
069a09ah.d5 NOT FOUND (NO GOOD DUMP KNOWN) (tried in gijoeua gijoe)
069a10.18j ROM NEEDS REDUMP
069a09.16j ROM NEEDS REDUMP
069a08al.k3 NOT FOUND (NO GOOD DUMP KNOWN) (tried in gijoeua gijoe)
069a08ah.n3 NOT FOUND (NO GOOD DUMP KNOWN) (tried in gijoeua gijoe)
069a05al.k5 NOT FOUND (NO GOOD DUMP KNOWN) (tried in gijoeua gijoe)
069a05ah.n5 NOT FOUND (NO GOOD DUMP KNOWN) (tried in gijoeua gijoe)
069a07al.k7 NOT FOUND (NO GOOD DUMP KNOWN) (tried in gijoeua gijoe)
069a07ah.n7 NOT FOUND (NO GOOD DUMP KNOWN) (tried in gijoeua gijoe)
069a06al.k9 NOT FOUND (NO GOOD DUMP KNOWN) (tried in gijoeua gijoe)
069a06ah.n9 NOT FOUND (NO GOOD DUMP KNOWN) (tried in gijoeua gijoe)
069a08bl.l3 NOT FOUND (NO GOOD DUMP KNOWN) (tried in gijoeua gijoe)
069a08bh.p3 NOT FOUND (NO GOOD DUMP KNOWN) (tried in gijoeua gijoe)
069a05bl.l5 NOT FOUND (NO GOOD DUMP KNOWN) (tried in gijoeua gijoe)
069a05bh.p5 NOT FOUND (NO GOOD DUMP KNOWN) (tried in gijoeua gijoe)
069a07bl.l7 NOT FOUND (NO GOOD DUMP KNOWN) (tried in gijoeua gijoe)
069a07bh.p7 NOT FOUND (NO GOOD DUMP KNOWN) (tried in gijoeua gijoe)
069a06bl.l9 NOT FOUND (NO GOOD DUMP KNOWN) (tried in gijoeua gijoe)
069a06bh.p9 NOT FOUND (NO GOOD DUMP KNOWN) (tried in gijoeua gijoe)
069a08.6h ROM NEEDS REDUMP
069a05.1h ROM NEEDS REDUMP
069a07.4h ROM NEEDS REDUMP
069a06.2h ROM NEEDS REDUMP
069a04a.g2 NOT FOUND (NO GOOD DUMP KNOWN) (tried in gijoeua gijoe)
069a04b.j2 NOT FOUND (NO GOOD DUMP KNOWN) (tried in gijoeua gijoe)
069a04c.k2 NOT FOUND (NO GOOD DUMP KNOWN) (tried in gijoeua gijoe)
069a04d.l2 NOT FOUND (NO GOOD DUMP KNOWN) (tried in gijoeua gijoe)
069a04e.n2 NOT FOUND (NO GOOD DUMP KNOWN) (tried in gijoeua gijoe)
069a04f.p2 NOT FOUND (NO GOOD DUMP KNOWN) (tried in gijoeua gijoe)
069a04g.r2 NOT FOUND (NO GOOD DUMP KNOWN) (tried in gijoeua gijoe)
069a04h.s2 NOT FOUND (NO GOOD DUMP KNOWN) (tried in gijoeua gijoe)
069a04a.1e ROM NEEDS REDUMP
WARNING: the machine might not run correctly.
Average speed: 1112.56% (31 seconds)
