mast_prg1 ROM NEEDS REDUMP
mast_prg0 ROM NEEDS REDUMP
mast_spr1 ROM NEEDS REDUMP
mast_spr0 ROM NEEDS REDUMP
mast_back ROM NEEDS REDUMP
mast_rot ROM NEEDS REDUMP
mast_front ROM NEEDS REDUMP
sound00 ROM NEEDS REDUMP
sound01 ROM NEEDS REDUMP
sound02 ROM NEEDS REDUMP
sound03 ROM NEEDS REDUMP
sound04 ROM NEEDS REDUMP
sound05 ROM NEEDS REDUMP
sound06 ROM NEEDS REDUMP
sound07 ROM NEEDS REDUMP
sound08 ROM NEEDS REDUMP
sound09 ROM NEEDS REDUMP
sound10 ROM NEEDS REDUMP
sound11 ROM NEEDS REDUMP
sound12 ROM NEEDS REDUMP
sound13 ROM NEEDS REDUMP
sound14 ROM NEEDS REDUMP
sound15 ROM NEEDS REDUMP
sound16 ROM NEEDS REDUMP
sound17 ROM NEEDS REDUMP
sound18 ROM NEEDS REDUMP
sound19 ROM NEEDS REDUMP
sound20 ROM NEEDS REDUMP
WARNING: the machine might not run correctly.
Average speed: 942.87% (31 seconds)
