Warning: layout file contains deprecated reel component
Warning: layout file contains deprecated reel component
Warning: layout file contains deprecated reel component
Warning: layout file contains deprecated reel component
Warning: layout file contains deprecated reel component
Warning: layout file contains deprecated reel component
Warning: layout file contains deprecated reel component
Warning: layout file contains deprecated reel component
Warning: layout file contains deprecated reel component
Warning: layout file contains deprecated reel component
Warning: layout file contains deprecated reel component
Warning: layout file contains deprecated reel component
Warning: layout file contains deprecated reel component
Warning: layout file contains deprecated reel component
Confirmed SC4 ROM
x found at 00096a50
[quicksnaps] input skipped: 1 Player Start not available
Ident code? d006d541272771ad
[quicksnaps] machine has no emulated screen
Average speed: 641.82% (29 seconds)
