unzip: error inflating invasion2.u3 from /run/media/stoned/schrott/Roms/mame/roms/invasnab.zip (-3)
unzip: local file header for invasion2.u4 in /run/media/stoned/schrott/Roms/mame/roms/invasnab.zip has incorrect signature 74d8103e
unzip: local file header for invasion2.u5 in /run/media/stoned/schrott/Roms/mame/roms/invasnab.zip has incorrect signature 8c0920e8
unzip: local file header for invasnab3/invasion3.u10 in /run/media/stoned/schrott/Roms/mame/roms/invasnab.zip has incorrect signature 4829aab4
unzip: local file header for invasnab3/invasion3.u11 in /run/media/stoned/schrott/Roms/mame/roms/invasnab.zip has incorrect signature d5b00083
unzip: local file header for invasnab3/invasion3.u12 in /run/media/stoned/schrott/Roms/mame/roms/invasnab.zip has incorrect signature 71da018d
unzip: local file header for invasnab3/invasion3.u13 in /run/media/stoned/schrott/Roms/mame/roms/invasnab.zip has incorrect signature b1ddf856
unzip: local file header for invasnab3/invasion2.u14 in /run/media/stoned/schrott/Roms/mame/roms/invasnab.zip has incorrect signature 5dde9cd9
unzip: local file header for invasnab3/invasion2.u15 in /run/media/stoned/schrott/Roms/mame/roms/invasnab.zip has incorrect signature f8e7306f
unzip: local file header for invasnab3/invasion2.u16 in /run/media/stoned/schrott/Roms/mame/roms/invasnab.zip has incorrect signature 88ff350f
unzip: local file header for invasnab3/invasion2.u17 in /run/media/stoned/schrott/Roms/mame/roms/invasnab.zip has incorrect signature 93cb0903
unzip: local file header for invasnab3/invasion2.u18 in /run/media/stoned/schrott/Roms/mame/roms/invasnab.zip has incorrect signature 96951376
unzip: local file header for invasnab3/invasion2.u19 in /run/media/stoned/schrott/Roms/mame/roms/invasnab.zip has incorrect signature a3828642
invasion2.u3 NOT FOUND (tried in invasnab3 invasnab)
invasion2.u4 NOT FOUND (tried in invasnab3 invasnab)
invasion2.u5 NOT FOUND (tried in invasnab3 invasnab)
invasion3.u10 NOT FOUND (tried in invasnab3 invasnab)
invasion3.u11 NOT FOUND (tried in invasnab3 invasnab)
invasion3.u12 NOT FOUND (tried in invasnab3 invasnab)
invasion3.u13 NOT FOUND (tried in invasnab3 invasnab)
invasion2.u14 NOT FOUND (tried in invasnab3 invasnab)
invasion2.u15 NOT FOUND (tried in invasnab3 invasnab)
invasion2.u16 NOT FOUND (tried in invasnab3 invasnab)
invasion2.u17 NOT FOUND (tried in invasnab3 invasnab)
invasion2.u18 NOT FOUND (tried in invasnab3 invasnab)
invasion2.u19 NOT FOUND (tried in invasnab3 invasnab)
c32boot.bin ROM NEEDS REDUMP
Fatal error: Required files are missing, the machine cannot be run.
